2017-08-22 00:00:00,013 [pool-5-thread-1] INFO  org.apache.archiva.scheduler.repository.ArchivaRepositoryScanningTaskExecutor [] - Executing task from queue with job name: RepositoryTask [repositoryId=internal, resourceFile=null, scanAll=false, updateRelatedArtifacts=false]
2017-08-22 00:00:00,070 [pool-5-thread-1] INFO  org.apache.archiva.consumers.lucene.NexusIndexerConsumer [] - Creating indexing context for repo : internal
2017-08-22 00:00:00,072 [pool-5-thread-1] INFO  org.apache.archiva.repository.scanner.RepositoryScannerInstance [] - Walk Started: [internal] ./repositories/internal
2017-08-22 00:00:00,208 [pool-5-thread-1] WARN  org.apache.archiva.consumers.metadata.ArchivaMetadataCreationConsumer [] - Missing or invalid POM for artifact:io/almostrealism/TreeView/0.1-rc/TreeView-0.1-rc.jar (repository:internal); creating empty metadata
2017-08-22 00:00:00,427 [pool-5-thread-1] INFO  org.apache.archiva.repository.scanner.RepositoryScannerInstance [] - Walk Finished: [internal] ./repositories/internal
2017-08-22 00:00:00,428 [pool-5-thread-1] INFO  org.apache.archiva.scheduler.repository.ArchivaRepositoryScanningTaskExecutor [] - Finished first scan: 
.\ Scan of internal \.__________________________________________
  Repository Dir    : ./repositories/internal
  Repository Name   : Archiva Managed Internal Repository
  Repository Layout : default
  Known Consumers   : (7 configured)
                      create-missing-checksums (Total: 10ms; Avg.: 10; Count: 1)
                      auto-remove
                      auto-rename
                      metadata-updater (Total: 109ms; Avg.: 109; Count: 1)
                      index-content (Total: 1ms; Avg.: 0; Count: 3)
                      create-archiva-metadata (Total: 110ms; Avg.: 110; Count: 1)
                      duplicate-artifacts (Total: 111ms; Avg.: 111; Count: 1)
  Invalid Consumers : <none>
  Duration          : 355 Milliseconds
  When Gathered     : 8/22/17 12:00 AM
  Total File Count  : 9
  Avg Time Per File : 39 Milliseconds
______________________________________________________________
2017-08-22 00:00:00,428 [pool-5-thread-1] INFO  org.apache.archiva.scheduler.repository.ArchivaRepositoryScanningTaskExecutor [] - Gathering repository statistics
2017-08-22 00:00:00,481 [pool-5-thread-1] INFO  org.apache.archiva.metadata.repository.stats.DefaultRepositoryStatisticsManager [] - Gathering statistics executed in 53 ms
2017-08-22 00:00:00,488 [pool-5-thread-1] INFO  org.apache.archiva.scheduler.repository.ArchivaRepositoryScanningTaskExecutor [] - Finished repository task: RepositoryTask [repositoryId=internal, resourceFile=null, scanAll=false, updateRelatedArtifacts=false]
2017-08-22 00:00:00,488 [pool-5-thread-1] INFO  org.apache.archiva.scheduler.repository.ArchivaRepositoryScanningTaskExecutor [] - Executing task from queue with job name: RepositoryTask [repositoryId=snapshots, resourceFile=null, scanAll=false, updateRelatedArtifacts=false]
2017-08-22 00:00:00,494 [pool-5-thread-1] INFO  org.apache.archiva.consumers.lucene.NexusIndexerConsumer [] - Creating indexing context for repo : snapshots
2017-08-22 00:00:00,495 [pool-5-thread-1] INFO  org.apache.archiva.repository.scanner.RepositoryScannerInstance [] - Walk Started: [snapshots] ./repositories/snapshots
2017-08-22 00:00:00,495 [pool-5-thread-1] INFO  org.apache.archiva.repository.scanner.RepositoryScannerInstance [] - Walk Finished: [snapshots] ./repositories/snapshots
2017-08-22 00:00:00,495 [pool-5-thread-1] INFO  org.apache.archiva.scheduler.repository.ArchivaRepositoryScanningTaskExecutor [] - Finished first scan: 
.\ Scan of snapshots \.__________________________________________
  Repository Dir    : ./repositories/snapshots
  Repository Name   : Archiva Managed Snapshot Repository
  Repository Layout : default
  Known Consumers   : (7 configured)
                      create-missing-checksums
                      auto-remove
                      auto-rename
                      metadata-updater
                      index-content
                      create-archiva-metadata
                      duplicate-artifacts
  Invalid Consumers : <none>
  Duration          : 
  When Gathered     : 8/22/17 12:00 AM
  Total File Count  : 0
  Avg Time Per File : 
______________________________________________________________
2017-08-22 00:00:00,495 [pool-5-thread-1] INFO  org.apache.archiva.scheduler.repository.ArchivaRepositoryScanningTaskExecutor [] - Gathering repository statistics
2017-08-22 00:00:00,497 [pool-4-thread-1] INFO  org.apache.archiva.scheduler.indexing.ArchivaIndexingTaskExecutor [] - indexed maven repository: internal, onlyUpdate: false, time 71 ms
2017-08-22 00:00:00,509 [pool-5-thread-1] INFO  org.apache.archiva.metadata.repository.stats.DefaultRepositoryStatisticsManager [] - Gathering statistics executed in 14 ms
2017-08-22 00:00:00,516 [pool-5-thread-1] INFO  org.apache.archiva.scheduler.repository.ArchivaRepositoryScanningTaskExecutor [] - Finished repository task: RepositoryTask [repositoryId=snapshots, resourceFile=null, scanAll=false, updateRelatedArtifacts=false]
2017-08-22 00:00:00,567 [pool-4-thread-1] INFO  org.apache.archiva.scheduler.indexing.ArchivaIndexingTaskExecutor [] - indexed maven repository: snapshots, onlyUpdate: false, time 48 ms
2017-08-22 00:00:10,400 [qtp817298469-112] INFO  org.apache.archiva.web.api.DefaultJavascriptLogger [] - found 204:restServices/archivaServices/archivaAdministrationService/applicationUrl?_=1503385126779
2017-08-22 00:05:45,448 [qtp817298469-25] WARN  org.apache.archiva.web.security.ArchivaUserManagerAuthenticator [] - Login for user Guest and userManager jdo failed. user not found.
