0:0:0:0:0:0:0:1 -  -  [22/Aug/2017:05:00:26 +0000] "GET / HTTP/1.1" 200 2832 "-" "Mozilla/5.0 (Macintosh; Intel Mac OS X 10_12_6) AppleWebKit/537.36 (KHTML, like Gecko) Chrome/60.0.3112.101 Safari/537.36"
0:0:0:0:0:0:0:1 -  -  [22/Aug/2017:05:00:26 +0000] "GET /css/jqueryFileTree.css HTTP/1.1" 200 5696 "http://localhost:8080/" "Mozilla/5.0 (Macintosh; Intel Mac OS X 10_12_6) AppleWebKit/537.36 (KHTML, like Gecko) Chrome/60.0.3112.101 Safari/537.36"
0:0:0:0:0:0:0:1 -  -  [22/Aug/2017:05:00:26 +0000] "GET /css/jquery.fileupload-ui.css HTTP/1.1" 200 1540 "http://localhost:8080/" "Mozilla/5.0 (Macintosh; Intel Mac OS X 10_12_6) AppleWebKit/537.36 (KHTML, like Gecko) Chrome/60.0.3112.101 Safari/537.36"
0:0:0:0:0:0:0:1 -  -  [22/Aug/2017:05:00:26 +0000] "GET /css/typeahead.js-bootstrap.0.9.3.css HTTP/1.1" 200 1422 "http://localhost:8080/" "Mozilla/5.0 (Macintosh; Intel Mac OS X 10_12_6) AppleWebKit/537.36 (KHTML, like Gecko) Chrome/60.0.3112.101 Safari/537.36"
0:0:0:0:0:0:0:1 -  -  [22/Aug/2017:05:00:26 +0000] "GET /css/select2-3.2.css HTTP/1.1" 200 17824 "http://localhost:8080/" "Mozilla/5.0 (Macintosh; Intel Mac OS X 10_12_6) AppleWebKit/537.36 (KHTML, like Gecko) Chrome/60.0.3112.101 Safari/537.36"
0:0:0:0:0:0:0:1 -  -  [22/Aug/2017:05:00:26 +0000] "GET /css/jquery-ui-1.9.2.custom.min.css HTTP/1.1" 200 26141 "http://localhost:8080/" "Mozilla/5.0 (Macintosh; Intel Mac OS X 10_12_6) AppleWebKit/537.36 (KHTML, like Gecko) Chrome/60.0.3112.101 Safari/537.36"
0:0:0:0:0:0:0:1 -  -  [22/Aug/2017:05:00:26 +0000] "GET /css/bootstrap.2.2.2.css HTTP/1.1" 200 124223 "http://localhost:8080/" "Mozilla/5.0 (Macintosh; Intel Mac OS X 10_12_6) AppleWebKit/537.36 (KHTML, like Gecko) Chrome/60.0.3112.101 Safari/537.36"
0:0:0:0:0:0:0:1 -  -  [22/Aug/2017:05:00:26 +0000] "GET /css/prettify.css HTTP/1.1" 200 1570 "http://localhost:8080/" "Mozilla/5.0 (Macintosh; Intel Mac OS X 10_12_6) AppleWebKit/537.36 (KHTML, like Gecko) Chrome/60.0.3112.101 Safari/537.36"
0:0:0:0:0:0:0:1 -  -  [22/Aug/2017:05:00:26 +0000] "GET /js/require.min.2.1.11.js HTTP/1.1" 200 15234 "http://localhost:8080/" "Mozilla/5.0 (Macintosh; Intel Mac OS X 10_12_6) AppleWebKit/537.36 (KHTML, like Gecko) Chrome/60.0.3112.101 Safari/537.36"
0:0:0:0:0:0:0:1 -  -  [22/Aug/2017:05:00:26 +0000] "GET /js/jquery-1.11.1.min.js HTTP/1.1" 200 95786 "http://localhost:8080/" "Mozilla/5.0 (Macintosh; Intel Mac OS X 10_12_6) AppleWebKit/537.36 (KHTML, like Gecko) Chrome/60.0.3112.101 Safari/537.36"
0:0:0:0:0:0:0:1 -  -  [22/Aug/2017:05:00:26 +0000] "GET /css/archiva.css HTTP/1.1" 200 4033 "http://localhost:8080/" "Mozilla/5.0 (Macintosh; Intel Mac OS X 10_12_6) AppleWebKit/537.36 (KHTML, like Gecko) Chrome/60.0.3112.101 Safari/537.36"
0:0:0:0:0:0:0:1 -  -  [22/Aug/2017:05:00:26 +0000] "GET /js/sammy.0.7.4.js HTTP/1.1" 200 77911 "http://localhost:8080/" "Mozilla/5.0 (Macintosh; Intel Mac OS X 10_12_6) AppleWebKit/537.36 (KHTML, like Gecko) Chrome/60.0.3112.101 Safari/537.36"
0:0:0:0:0:0:0:1 -  -  [22/Aug/2017:05:00:26 +0000] "GET /js/jquery-ui-1.10.4.min.js HTTP/1.1" 200 228478 "http://localhost:8080/" "Mozilla/5.0 (Macintosh; Intel Mac OS X 10_12_6) AppleWebKit/537.36 (KHTML, like Gecko) Chrome/60.0.3112.101 Safari/537.36"
0:0:0:0:0:0:0:1 -  -  [22/Aug/2017:05:00:26 +0000] "GET /images/medium-spinner.gif HTTP/1.1" 200 2545 "http://localhost:8080/" "Mozilla/5.0 (Macintosh; Intel Mac OS X 10_12_6) AppleWebKit/537.36 (KHTML, like Gecko) Chrome/60.0.3112.101 Safari/537.36"
0:0:0:0:0:0:0:1 -  -  [22/Aug/2017:05:00:26 +0000] "GET /js/archiva/archiva.js HTTP/1.1" 200 5151 "http://localhost:8080/" "Mozilla/5.0 (Macintosh; Intel Mac OS X 10_12_6) AppleWebKit/537.36 (KHTML, like Gecko) Chrome/60.0.3112.101 Safari/537.36"
0:0:0:0:0:0:0:1 -  -  [22/Aug/2017:05:00:26 +0000] "GET /restServices/archivaUiServices/runtimeInfoService/archivaRuntimeInfo/en?_=1503378026144 HTTP/1.1" 200 345 "http://localhost:8080/" "Mozilla/5.0 (Macintosh; Intel Mac OS X 10_12_6) AppleWebKit/537.36 (KHTML, like Gecko) Chrome/60.0.3112.101 Safari/537.36"
0:0:0:0:0:0:0:1 -  -  [22/Aug/2017:05:00:26 +0000] "GET /js/jquery-1.11.1.min.js?_archivaVersion=2.2.3 HTTP/1.1" 200 95786 "http://localhost:8080/" "Mozilla/5.0 (Macintosh; Intel Mac OS X 10_12_6) AppleWebKit/537.36 (KHTML, like Gecko) Chrome/60.0.3112.101 Safari/537.36"
0:0:0:0:0:0:0:1 -  -  [22/Aug/2017:05:00:26 +0000] "GET /js/jquery-ui-1.10.4.min.js?_archivaVersion=2.2.3 HTTP/1.1" 200 228478 "http://localhost:8080/" "Mozilla/5.0 (Macintosh; Intel Mac OS X 10_12_6) AppleWebKit/537.36 (KHTML, like Gecko) Chrome/60.0.3112.101 Safari/537.36"
0:0:0:0:0:0:0:1 -  -  [22/Aug/2017:05:00:26 +0000] "GET /js/archiva/startup.js?_archivaVersion=2.2.3 HTTP/1.1" 200 2062 "http://localhost:8080/" "Mozilla/5.0 (Macintosh; Intel Mac OS X 10_12_6) AppleWebKit/537.36 (KHTML, like Gecko) Chrome/60.0.3112.101 Safari/537.36"
0:0:0:0:0:0:0:1 -  -  [22/Aug/2017:05:00:26 +0000] "GET /js/jquery.tmpl.js?_archivaVersion=2.2.3 HTTP/1.1" 200 19145 "http://localhost:8080/" "Mozilla/5.0 (Macintosh; Intel Mac OS X 10_12_6) AppleWebKit/537.36 (KHTML, like Gecko) Chrome/60.0.3112.101 Safari/537.36"
0:0:0:0:0:0:0:1 -  -  [22/Aug/2017:05:00:26 +0000] "GET /js/domReady.js?_archivaVersion=2.2.3 HTTP/1.1" 200 3758 "http://localhost:8080/" "Mozilla/5.0 (Macintosh; Intel Mac OS X 10_12_6) AppleWebKit/537.36 (KHTML, like Gecko) Chrome/60.0.3112.101 Safari/537.36"
0:0:0:0:0:0:0:1 -  -  [22/Aug/2017:05:00:26 +0000] "GET /js/jquery.i18n.properties-1.0.9.js?_archivaVersion=2.2.3 HTTP/1.1" 200 18636 "http://localhost:8080/" "Mozilla/5.0 (Macintosh; Intel Mac OS X 10_12_6) AppleWebKit/537.36 (KHTML, like Gecko) Chrome/60.0.3112.101 Safari/537.36"
0:0:0:0:0:0:0:1 -  -  [22/Aug/2017:05:00:26 +0000] "GET /js/archiva/cookie-information.js?_archivaVersion=2.2.3 HTTP/1.1" 200 1256 "http://localhost:8080/" "Mozilla/5.0 (Macintosh; Intel Mac OS X 10_12_6) AppleWebKit/537.36 (KHTML, like Gecko) Chrome/60.0.3112.101 Safari/537.36"
0:0:0:0:0:0:0:1 -  -  [22/Aug/2017:05:00:26 +0000] "GET /js/sammy.0.7.4.js?_archivaVersion=2.2.3 HTTP/1.1" 200 77911 "http://localhost:8080/" "Mozilla/5.0 (Macintosh; Intel Mac OS X 10_12_6) AppleWebKit/537.36 (KHTML, like Gecko) Chrome/60.0.3112.101 Safari/537.36"
0:0:0:0:0:0:0:1 -  -  [22/Aug/2017:05:00:26 +0000] "GET /js/archiva/utils.js?_archivaVersion=2.2.3 HTTP/1.1" 200 16048 "http://localhost:8080/" "Mozilla/5.0 (Macintosh; Intel Mac OS X 10_12_6) AppleWebKit/537.36 (KHTML, like Gecko) Chrome/60.0.3112.101 Safari/537.36"
0:0:0:0:0:0:0:1 -  -  [22/Aug/2017:05:00:26 +0000] "GET /js/archiva/main.js?_archivaVersion=2.2.3 HTTP/1.1" 200 40801 "http://localhost:8080/" "Mozilla/5.0 (Macintosh; Intel Mac OS X 10_12_6) AppleWebKit/537.36 (KHTML, like Gecko) Chrome/60.0.3112.101 Safari/537.36"
0:0:0:0:0:0:0:1 -  -  [22/Aug/2017:05:00:26 +0000] "GET /js/knockout-2.3.0.debug.js?_archivaVersion=2.2.3 HTTP/1.1" 200 183254 "http://localhost:8080/" "Mozilla/5.0 (Macintosh; Intel Mac OS X 10_12_6) AppleWebKit/537.36 (KHTML, like Gecko) Chrome/60.0.3112.101 Safari/537.36"
0:0:0:0:0:0:0:1 -  -  [22/Aug/2017:05:00:26 +0000] "GET /js/jquery.cookie.1.4.1.js?_archivaVersion=2.2.3 HTTP/1.1" 200 3121 "http://localhost:8080/" "Mozilla/5.0 (Macintosh; Intel Mac OS X 10_12_6) AppleWebKit/537.36 (KHTML, like Gecko) Chrome/60.0.3112.101 Safari/537.36"
0:0:0:0:0:0:0:1 -  -  [22/Aug/2017:05:00:26 +0000] "GET /js/bootstrap.2.2.2.js?_archivaVersion=2.2.3 HTTP/1.1" 200 58516 "http://localhost:8080/" "Mozilla/5.0 (Macintosh; Intel Mac OS X 10_12_6) AppleWebKit/537.36 (KHTML, like Gecko) Chrome/60.0.3112.101 Safari/537.36"
0:0:0:0:0:0:0:1 -  -  [22/Aug/2017:05:00:26 +0000] "GET /js/jquery.validate.1.11.1.min.js?_archivaVersion=2.2.3 HTTP/1.1" 200 21068 "http://localhost:8080/" "Mozilla/5.0 (Macintosh; Intel Mac OS X 10_12_6) AppleWebKit/537.36 (KHTML, like Gecko) Chrome/60.0.3112.101 Safari/537.36"
0:0:0:0:0:0:0:1 -  -  [22/Aug/2017:05:00:26 +0000] "GET /js/archiva/search.js?_archivaVersion=2.2.3 HTTP/1.1" 200 90196 "http://localhost:8080/" "Mozilla/5.0 (Macintosh; Intel Mac OS X 10_12_6) AppleWebKit/537.36 (KHTML, like Gecko) Chrome/60.0.3112.101 Safari/537.36"
0:0:0:0:0:0:0:1 -  -  [22/Aug/2017:05:00:26 +0000] "GET /js/jquery.json-2.3.min.js?_archivaVersion=2.2.3 HTTP/1.1" 200 2177 "http://localhost:8080/" "Mozilla/5.0 (Macintosh; Intel Mac OS X 10_12_6) AppleWebKit/537.36 (KHTML, like Gecko) Chrome/60.0.3112.101 Safari/537.36"
0:0:0:0:0:0:0:1 -  -  [22/Aug/2017:05:00:26 +0000] "GET /js/typeahead.min.0.9.3.js?_archivaVersion=2.2.3 HTTP/1.1" 200 21804 "http://localhost:8080/" "Mozilla/5.0 (Macintosh; Intel Mac OS X 10_12_6) AppleWebKit/537.36 (KHTML, like Gecko) Chrome/60.0.3112.101 Safari/537.36"
0:0:0:0:0:0:0:1 -  -  [22/Aug/2017:05:00:26 +0000] "GET /js/hogan-2.0.0.js?_archivaVersion=2.2.3 HTTP/1.1" 200 15187 "http://localhost:8080/" "Mozilla/5.0 (Macintosh; Intel Mac OS X 10_12_6) AppleWebKit/537.36 (KHTML, like Gecko) Chrome/60.0.3112.101 Safari/537.36"
0:0:0:0:0:0:0:1 -  -  [22/Aug/2017:05:00:26 +0000] "GET /js/redback/roles.js?_archivaVersion=2.2.3 HTTP/1.1" 200 14283 "http://localhost:8080/" "Mozilla/5.0 (Macintosh; Intel Mac OS X 10_12_6) AppleWebKit/537.36 (KHTML, like Gecko) Chrome/60.0.3112.101 Safari/537.36"
0:0:0:0:0:0:0:1 -  -  [22/Aug/2017:05:00:26 +0000] "GET /js/redback/redback.js?_archivaVersion=2.2.3 HTTP/1.1" 200 7215 "http://localhost:8080/" "Mozilla/5.0 (Macintosh; Intel Mac OS X 10_12_6) AppleWebKit/537.36 (KHTML, like Gecko) Chrome/60.0.3112.101 Safari/537.36"
0:0:0:0:0:0:0:1 -  -  [22/Aug/2017:05:00:26 +0000] "GET /js/archiva/artifacts-management.js?_archivaVersion=2.2.3 HTTP/1.1" 200 5224 "http://localhost:8080/" "Mozilla/5.0 (Macintosh; Intel Mac OS X 10_12_6) AppleWebKit/537.36 (KHTML, like Gecko) Chrome/60.0.3112.101 Safari/537.36"
0:0:0:0:0:0:0:1 -  -  [22/Aug/2017:05:00:26 +0000] "GET /js/archiva/docs.js?_archivaVersion=2.2.3 HTTP/1.1" 200 2857 "http://localhost:8080/" "Mozilla/5.0 (Macintosh; Intel Mac OS X 10_12_6) AppleWebKit/537.36 (KHTML, like Gecko) Chrome/60.0.3112.101 Safari/537.36"
0:0:0:0:0:0:0:1 -  -  [22/Aug/2017:05:00:26 +0000] "GET /js/redback/redback-tmpl.js?_archivaVersion=2.2.3 HTTP/1.1" 200 1362 "http://localhost:8080/" "Mozilla/5.0 (Macintosh; Intel Mac OS X 10_12_6) AppleWebKit/537.36 (KHTML, like Gecko) Chrome/60.0.3112.101 Safari/537.36"
0:0:0:0:0:0:0:1 -  -  [22/Aug/2017:05:00:26 +0000] "GET /js/archiva/main-tmpl.js?_archivaVersion=2.2.3 HTTP/1.1" 200 1740 "http://localhost:8080/" "Mozilla/5.0 (Macintosh; Intel Mac OS X 10_12_6) AppleWebKit/537.36 (KHTML, like Gecko) Chrome/60.0.3112.101 Safari/537.36"
0:0:0:0:0:0:0:1 -  -  [22/Aug/2017:05:00:26 +0000] "GET /js/knockout.simpleGrid.js?_archivaVersion=2.2.3 HTTP/1.1" 200 4304 "http://localhost:8080/" "Mozilla/5.0 (Macintosh; Intel Mac OS X 10_12_6) AppleWebKit/537.36 (KHTML, like Gecko) Chrome/60.0.3112.101 Safari/537.36"
0:0:0:0:0:0:0:1 -  -  [22/Aug/2017:05:00:26 +0000] "GET /js/jqueryFileTree-1.0.1.js?_archivaVersion=2.2.3 HTTP/1.1" 200 4193 "http://localhost:8080/" "Mozilla/5.0 (Macintosh; Intel Mac OS X 10_12_6) AppleWebKit/537.36 (KHTML, like Gecko) Chrome/60.0.3112.101 Safari/537.36"
0:0:0:0:0:0:0:1 -  -  [22/Aug/2017:05:00:26 +0000] "GET /js/select2.min-3.2.js?_archivaVersion=2.2.3 HTTP/1.1" 200 35455 "http://localhost:8080/" "Mozilla/5.0 (Macintosh; Intel Mac OS X 10_12_6) AppleWebKit/537.36 (KHTML, like Gecko) Chrome/60.0.3112.101 Safari/537.36"
0:0:0:0:0:0:0:1 -  -  [22/Aug/2017:05:00:26 +0000] "GET /js/prettify.js?_archivaVersion=2.2.3 HTTP/1.1" 200 55889 "http://localhost:8080/" "Mozilla/5.0 (Macintosh; Intel Mac OS X 10_12_6) AppleWebKit/537.36 (KHTML, like Gecko) Chrome/60.0.3112.101 Safari/537.36"
0:0:0:0:0:0:0:1 -  -  [22/Aug/2017:05:00:26 +0000] "GET /js/d3.v3.min.js?_archivaVersion=2.2.3 HTTP/1.1" 200 146804 "http://localhost:8080/" "Mozilla/5.0 (Macintosh; Intel Mac OS X 10_12_6) AppleWebKit/537.36 (KHTML, like Gecko) Chrome/60.0.3112.101 Safari/537.36"
0:0:0:0:0:0:0:1 -  -  [22/Aug/2017:05:00:26 +0000] "GET /js/redback/user.js?_archivaVersion=2.2.3 HTTP/1.1" 200 26454 "http://localhost:8080/" "Mozilla/5.0 (Macintosh; Intel Mac OS X 10_12_6) AppleWebKit/537.36 (KHTML, like Gecko) Chrome/60.0.3112.101 Safari/537.36"
0:0:0:0:0:0:0:1 -  -  [22/Aug/2017:05:00:26 +0000] "GET /js/redback/users.js?_archivaVersion=2.2.3 HTTP/1.1" 200 13280 "http://localhost:8080/" "Mozilla/5.0 (Macintosh; Intel Mac OS X 10_12_6) AppleWebKit/537.36 (KHTML, like Gecko) Chrome/60.0.3112.101 Safari/537.36"
0:0:0:0:0:0:0:1 -  -  [22/Aug/2017:05:00:26 +0000] "GET /js/jquery.fileupload-ui-6.6.3.js?_archivaVersion=2.2.3 HTTP/1.1" 200 25468 "http://localhost:8080/" "Mozilla/5.0 (Macintosh; Intel Mac OS X 10_12_6) AppleWebKit/537.36 (KHTML, like Gecko) Chrome/60.0.3112.101 Safari/537.36"
0:0:0:0:0:0:0:1 -  -  [22/Aug/2017:05:00:26 +0000] "GET /js/jquery.fileupload-5.10.0.js?_archivaVersion=2.2.3 HTTP/1.1" 200 40553 "http://localhost:8080/" "Mozilla/5.0 (Macintosh; Intel Mac OS X 10_12_6) AppleWebKit/537.36 (KHTML, like Gecko) Chrome/60.0.3112.101 Safari/537.36"
0:0:0:0:0:0:0:1 -  -  [22/Aug/2017:05:00:26 +0000] "GET /js/text.js?_archivaVersion=2.2.3 HTTP/1.1" 200 15300 "http://localhost:8080/" "Mozilla/5.0 (Macintosh; Intel Mac OS X 10_12_6) AppleWebKit/537.36 (KHTML, like Gecko) Chrome/60.0.3112.101 Safari/537.36"
0:0:0:0:0:0:0:1 -  -  [22/Aug/2017:05:00:26 +0000] "GET /js/purl-2.2.1.js?_archivaVersion=2.2.3 HTTP/1.1" 200 7412 "http://localhost:8080/" "Mozilla/5.0 (Macintosh; Intel Mac OS X 10_12_6) AppleWebKit/537.36 (KHTML, like Gecko) Chrome/60.0.3112.101 Safari/537.36"
0:0:0:0:0:0:0:1 -  -  [22/Aug/2017:05:00:26 +0000] "GET /js/jquery.fileupload-ip-1.0.6.js?_archivaVersion=2.2.3 HTTP/1.1" 200 6440 "http://localhost:8080/" "Mozilla/5.0 (Macintosh; Intel Mac OS X 10_12_6) AppleWebKit/537.36 (KHTML, like Gecko) Chrome/60.0.3112.101 Safari/537.36"
0:0:0:0:0:0:0:1 -  -  [22/Aug/2017:05:00:26 +0000] "GET /js/tmpl.min.js?_archivaVersion=2.2.3 HTTP/1.1" 200 971 "http://localhost:8080/" "Mozilla/5.0 (Macintosh; Intel Mac OS X 10_12_6) AppleWebKit/537.36 (KHTML, like Gecko) Chrome/60.0.3112.101 Safari/537.36"
0:0:0:0:0:0:0:1 -  -  [22/Aug/2017:05:00:26 +0000] "GET /js/jquery.ui.widget-1.9.2.js?_archivaVersion=2.2.3 HTTP/1.1" 200 15274 "http://localhost:8080/" "Mozilla/5.0 (Macintosh; Intel Mac OS X 10_12_6) AppleWebKit/537.36 (KHTML, like Gecko) Chrome/60.0.3112.101 Safari/537.36"
0:0:0:0:0:0:0:1 -  -  [22/Aug/2017:05:00:26 +0000] "GET /js/templates/archiva/generics.html?_archivaVersion=2.2.3 HTTP/1.1" 200 5664 "http://localhost:8080/" "Mozilla/5.0 (Macintosh; Intel Mac OS X 10_12_6) AppleWebKit/537.36 (KHTML, like Gecko) Chrome/60.0.3112.101 Safari/537.36"
0:0:0:0:0:0:0:1 -  -  [22/Aug/2017:05:00:26 +0000] "GET /js/templates/archiva/modal.html?_archivaVersion=2.2.3 HTTP/1.1" 200 1858 "http://localhost:8080/" "Mozilla/5.0 (Macintosh; Intel Mac OS X 10_12_6) AppleWebKit/537.36 (KHTML, like Gecko) Chrome/60.0.3112.101 Safari/537.36"
0:0:0:0:0:0:0:1 -  -  [22/Aug/2017:05:00:26 +0000] "GET /js/templates/redback/login.html?_archivaVersion=2.2.3 HTTP/1.1" 200 6770 "http://localhost:8080/" "Mozilla/5.0 (Macintosh; Intel Mac OS X 10_12_6) AppleWebKit/537.36 (KHTML, like Gecko) Chrome/60.0.3112.101 Safari/537.36"
0:0:0:0:0:0:0:1 -  -  [22/Aug/2017:05:00:26 +0000] "GET /js/templates/archiva/menu.html?_archivaVersion=2.2.3 HTTP/1.1" 200 5047 "http://localhost:8080/" "Mozilla/5.0 (Macintosh; Intel Mac OS X 10_12_6) AppleWebKit/537.36 (KHTML, like Gecko) Chrome/60.0.3112.101 Safari/537.36"
0:0:0:0:0:0:0:1 -  -  [22/Aug/2017:05:00:26 +0000] "GET /js/templates/redback/user-edit.html?_archivaVersion=2.2.3 HTTP/1.1" 200 23186 "http://localhost:8080/" "Mozilla/5.0 (Macintosh; Intel Mac OS X 10_12_6) AppleWebKit/537.36 (KHTML, like Gecko) Chrome/60.0.3112.101 Safari/537.36"
0:0:0:0:0:0:0:1 -  -  [22/Aug/2017:05:00:26 +0000] "GET /js/templates/archiva/repositories.html?_archivaVersion=2.2.3 HTTP/1.1" 200 73179 "http://localhost:8080/" "Mozilla/5.0 (Macintosh; Intel Mac OS X 10_12_6) AppleWebKit/537.36 (KHTML, like Gecko) Chrome/60.0.3112.101 Safari/537.36"
0:0:0:0:0:0:0:1 -  -  [22/Aug/2017:05:00:26 +0000] "GET /js/templates/archiva/search.html?_archivaVersion=2.2.3 HTTP/1.1" 200 43448 "http://localhost:8080/" "Mozilla/5.0 (Macintosh; Intel Mac OS X 10_12_6) AppleWebKit/537.36 (KHTML, like Gecko) Chrome/60.0.3112.101 Safari/537.36"
0:0:0:0:0:0:0:1 -  -  [22/Aug/2017:05:00:26 +0000] "GET /js/templates/archiva/general-admin.html?_archivaVersion=2.2.3 HTTP/1.1" 200 53718 "http://localhost:8080/" "Mozilla/5.0 (Macintosh; Intel Mac OS X 10_12_6) AppleWebKit/537.36 (KHTML, like Gecko) Chrome/60.0.3112.101 Safari/537.36"
0:0:0:0:0:0:0:1 -  -  [22/Aug/2017:05:00:26 +0000] "GET /js/templates/archiva/docs.html?_archivaVersion=2.2.3 HTTP/1.1" 200 1486 "http://localhost:8080/" "Mozilla/5.0 (Macintosh; Intel Mac OS X 10_12_6) AppleWebKit/537.36 (KHTML, like Gecko) Chrome/60.0.3112.101 Safari/537.36"
0:0:0:0:0:0:0:1 -  -  [22/Aug/2017:05:00:26 +0000] "GET /restServices/archivaServices/commonServices/getAllI18nResources?locale=en-US&_=1503378026403 HTTP/1.1" 200 51494 "http://localhost:8080/" "Mozilla/5.0 (Macintosh; Intel Mac OS X 10_12_6) AppleWebKit/537.36 (KHTML, like Gecko) Chrome/60.0.3112.101 Safari/537.36"
0:0:0:0:0:0:0:1 -  -  [22/Aug/2017:05:00:26 +0000] "GET /restServices/archivaUiServices/runtimeInfoService/archivaRuntimeInfo/en-US?_=1503378026404 HTTP/1.1" 200 345 "http://localhost:8080/" "Mozilla/5.0 (Macintosh; Intel Mac OS X 10_12_6) AppleWebKit/537.36 (KHTML, like Gecko) Chrome/60.0.3112.101 Safari/537.36"
0:0:0:0:0:0:0:1 -  -  [22/Aug/2017:05:00:26 +0000] "GET /restServices/archivaServices/pluginsService/getAdminPlugins?_=1503378026405 HTTP/1.1" 200 120 "http://localhost:8080/" "Mozilla/5.0 (Macintosh; Intel Mac OS X 10_12_6) AppleWebKit/537.36 (KHTML, like Gecko) Chrome/60.0.3112.101 Safari/537.36"
0:0:0:0:0:0:0:1 -  -  [22/Aug/2017:05:00:26 +0000] "GET /restServices/redbackServices/loginService/isLogged?_=1503378026406 HTTP/1.1" 204 0 "http://localhost:8080/" "Mozilla/5.0 (Macintosh; Intel Mac OS X 10_12_6) AppleWebKit/537.36 (KHTML, like Gecko) Chrome/60.0.3112.101 Safari/537.36"
0:0:0:0:0:0:0:1 -  -  [22/Aug/2017:05:00:26 +0000] "GET /restServices/archivaServices/archivaAdministrationService/registrationDisabled?_=1503378026408 HTTP/1.1" 200 5 "http://localhost:8080/" "Mozilla/5.0 (Macintosh; Intel Mac OS X 10_12_6) AppleWebKit/537.36 (KHTML, like Gecko) Chrome/60.0.3112.101 Safari/537.36"
0:0:0:0:0:0:0:1 -  -  [22/Aug/2017:05:00:26 +0000] "GET /restServices/redbackServices/userService/isAdminUserExists?_=1503378026407 HTTP/1.1" 200 5 "http://localhost:8080/" "Mozilla/5.0 (Macintosh; Intel Mac OS X 10_12_6) AppleWebKit/537.36 (KHTML, like Gecko) Chrome/60.0.3112.101 Safari/537.36"
0:0:0:0:0:0:0:1 -  -  [22/Aug/2017:05:00:26 +0000] "GET /restServices/archivaServices/archivaAdministrationService/getOrganisationInformation?_=1503378026410 HTTP/1.1" 200 44 "http://localhost:8080/" "Mozilla/5.0 (Macintosh; Intel Mac OS X 10_12_6) AppleWebKit/537.36 (KHTML, like Gecko) Chrome/60.0.3112.101 Safari/537.36"
0:0:0:0:0:0:0:1 -  -  [22/Aug/2017:05:00:26 +0000] "GET /restServices/redbackServices/userService/isAdminUserExists?_=1503378026409 HTTP/1.1" 200 5 "http://localhost:8080/" "Mozilla/5.0 (Macintosh; Intel Mac OS X 10_12_6) AppleWebKit/537.36 (KHTML, like Gecko) Chrome/60.0.3112.101 Safari/537.36"
0:0:0:0:0:0:0:1 -  -  [22/Aug/2017:05:00:26 +0000] "GET /js/archiva/admin/features/networkproxies/main.js?_archivaVersion=2.2.3 HTTP/1.1" 200 11922 "http://localhost:8080/" "Mozilla/5.0 (Macintosh; Intel Mac OS X 10_12_6) AppleWebKit/537.36 (KHTML, like Gecko) Chrome/60.0.3112.101 Safari/537.36"
0:0:0:0:0:0:0:1 -  -  [22/Aug/2017:05:00:26 +0000] "GET /js/archiva/admin/features/generaladmin/main.js?_archivaVersion=2.2.3 HTTP/1.1" 200 69053 "http://localhost:8080/" "Mozilla/5.0 (Macintosh; Intel Mac OS X 10_12_6) AppleWebKit/537.36 (KHTML, like Gecko) Chrome/60.0.3112.101 Safari/537.36"
0:0:0:0:0:0:0:1 -  -  [22/Aug/2017:05:00:26 +0000] "GET /js/archiva/admin/repository/maven2/main.js?_archivaVersion=2.2.3 HTTP/1.1" 200 2628 "http://localhost:8080/" "Mozilla/5.0 (Macintosh; Intel Mac OS X 10_12_6) AppleWebKit/537.36 (KHTML, like Gecko) Chrome/60.0.3112.101 Safari/537.36"
0:0:0:0:0:0:0:1 -  -  [22/Aug/2017:05:00:26 +0000] "GET /images/archiva.png HTTP/1.1" 200 9074 "http://localhost:8080/" "Mozilla/5.0 (Macintosh; Intel Mac OS X 10_12_6) AppleWebKit/537.36 (KHTML, like Gecko) Chrome/60.0.3112.101 Safari/537.36"
0:0:0:0:0:0:0:1 -  -  [22/Aug/2017:05:00:26 +0000] "GET /restServices/archivaServices/archivaAdministrationService/registrationDisabled?_=1503378026411 HTTP/1.1" 200 5 "http://localhost:8080/" "Mozilla/5.0 (Macintosh; Intel Mac OS X 10_12_6) AppleWebKit/537.36 (KHTML, like Gecko) Chrome/60.0.3112.101 Safari/537.36"
0:0:0:0:0:0:0:1 -  -  [22/Aug/2017:05:00:26 +0000] "GET /js/archiva/admin/repository/maven2/repository-groups.js?_archivaVersion=2.2.3 HTTP/1.1" 200 17856 "http://localhost:8080/" "Mozilla/5.0 (Macintosh; Intel Mac OS X 10_12_6) AppleWebKit/537.36 (KHTML, like Gecko) Chrome/60.0.3112.101 Safari/537.36"
0:0:0:0:0:0:0:1 -  -  [22/Aug/2017:05:00:26 +0000] "GET /js/archiva/admin/repository/maven2/proxy-connectors.js?_archivaVersion=2.2.3 HTTP/1.1" 200 25362 "http://localhost:8080/" "Mozilla/5.0 (Macintosh; Intel Mac OS X 10_12_6) AppleWebKit/537.36 (KHTML, like Gecko) Chrome/60.0.3112.101 Safari/537.36"
0:0:0:0:0:0:0:1 -  -  [22/Aug/2017:05:00:26 +0000] "GET /js/archiva/admin/repository/maven2/proxy-connectors-rules.js?_archivaVersion=2.2.3 HTTP/1.1" 200 15816 "http://localhost:8080/" "Mozilla/5.0 (Macintosh; Intel Mac OS X 10_12_6) AppleWebKit/537.36 (KHTML, like Gecko) Chrome/60.0.3112.101 Safari/537.36"
0:0:0:0:0:0:0:1 -  -  [22/Aug/2017:05:00:26 +0000] "GET /restServices/archivaServices/archivaAdministrationService/getOrganisationInformation?_=1503378026412 HTTP/1.1" 200 44 "http://localhost:8080/" "Mozilla/5.0 (Macintosh; Intel Mac OS X 10_12_6) AppleWebKit/537.36 (KHTML, like Gecko) Chrome/60.0.3112.101 Safari/537.36"
0:0:0:0:0:0:0:1 -  -  [22/Aug/2017:05:00:26 +0000] "GET /js/knockout.select2.js?_archivaVersion=2.2.3 HTTP/1.1" 200 782 "http://localhost:8080/" "Mozilla/5.0 (Macintosh; Intel Mac OS X 10_12_6) AppleWebKit/537.36 (KHTML, like Gecko) Chrome/60.0.3112.101 Safari/537.36"
0:0:0:0:0:0:0:1 -  -  [22/Aug/2017:05:00:26 +0000] "GET /js/knockout-sortable.0.7.2.js?_archivaVersion=2.2.3 HTTP/1.1" 200 12157 "http://localhost:8080/" "Mozilla/5.0 (Macintosh; Intel Mac OS X 10_12_6) AppleWebKit/537.36 (KHTML, like Gecko) Chrome/60.0.3112.101 Safari/537.36"
0:0:0:0:0:0:0:1 -  -  [22/Aug/2017:05:00:26 +0000] "GET /js/archiva/admin/repository/maven2/repositories.js?_archivaVersion=2.2.3 HTTP/1.1" 200 52357 "http://localhost:8080/" "Mozilla/5.0 (Macintosh; Intel Mac OS X 10_12_6) AppleWebKit/537.36 (KHTML, like Gecko) Chrome/60.0.3112.101 Safari/537.36"
0:0:0:0:0:0:0:1 -  -  [22/Aug/2017:05:00:32 +0000] "GET /restServices/archivaServices/browseService/userRepositories?_=1503378026413 HTTP/1.1" 200 2 "http://localhost:8080/" "Mozilla/5.0 (Macintosh; Intel Mac OS X 10_12_6) AppleWebKit/537.36 (KHTML, like Gecko) Chrome/60.0.3112.101 Safari/537.36"
0:0:0:0:0:0:0:1 -  -  [22/Aug/2017:05:00:32 +0000] "GET /restServices/archivaServices/archivaAdministrationService/applicationUrl?_=1503378026414 HTTP/1.1" 204 0 "http://localhost:8080/" "Mozilla/5.0 (Macintosh; Intel Mac OS X 10_12_6) AppleWebKit/537.36 (KHTML, like Gecko) Chrome/60.0.3112.101 Safari/537.36"
0:0:0:0:0:0:0:1 -  -  [22/Aug/2017:05:00:32 +0000] "GET /restServices/archivaServices/browseService/rootGroups?_=1503378026415 HTTP/1.1" 200 26 "http://localhost:8080/" "Mozilla/5.0 (Macintosh; Intel Mac OS X 10_12_6) AppleWebKit/537.36 (KHTML, like Gecko) Chrome/60.0.3112.101 Safari/537.36"
0:0:0:0:0:0:0:1 -  -  [22/Aug/2017:05:00:32 +0000] "GET /css/images/select2x2.png HTTP/1.1" 200 845 "http://localhost:8080/css/select2-3.2.css" "Mozilla/5.0 (Macintosh; Intel Mac OS X 10_12_6) AppleWebKit/537.36 (KHTML, like Gecko) Chrome/60.0.3112.101 Safari/537.36"
0:0:0:0:0:0:0:1 -  -  [22/Aug/2017:05:00:32 +0000] "PUT /restServices/archivaUiServices/javascriptLogger/info HTTP/1.1" 200 4 "http://localhost:8080/" "Mozilla/5.0 (Macintosh; Intel Mac OS X 10_12_6) AppleWebKit/537.36 (KHTML, like Gecko) Chrome/60.0.3112.101 Safari/537.36"
0:0:0:0:0:0:0:1 -  -  [22/Aug/2017:05:00:32 +0000] "GET /images/go-home.png HTTP/1.1" 200 606 "http://localhost:8080/" "Mozilla/5.0 (Macintosh; Intel Mac OS X 10_12_6) AppleWebKit/537.36 (KHTML, like Gecko) Chrome/60.0.3112.101 Safari/537.36"
0:0:0:0:0:0:0:1 -  -  [22/Aug/2017:05:00:32 +0000] "GET /images/view-refresh.png HTTP/1.1" 200 912 "http://localhost:8080/" "Mozilla/5.0 (Macintosh; Intel Mac OS X 10_12_6) AppleWebKit/537.36 (KHTML, like Gecko) Chrome/60.0.3112.101 Safari/537.36"
0:0:0:0:0:0:0:1 -  -  [22/Aug/2017:05:00:36 +0000] "GET /restServices/redbackServices/userService/isAdminUserExists?_=1503378026416 HTTP/1.1" 200 5 "http://localhost:8080/" "Mozilla/5.0 (Macintosh; Intel Mac OS X 10_12_6) AppleWebKit/537.36 (KHTML, like Gecko) Chrome/60.0.3112.101 Safari/537.36"
0:0:0:0:0:0:0:1 -  -  [22/Aug/2017:05:00:36 +0000] "GET /restServices/redbackServices/userService/isAdminUserExists?_=1503378026417 HTTP/1.1" 200 5 "http://localhost:8080/" "Mozilla/5.0 (Macintosh; Intel Mac OS X 10_12_6) AppleWebKit/537.36 (KHTML, like Gecko) Chrome/60.0.3112.101 Safari/537.36"
0:0:0:0:0:0:0:1 -  -  [22/Aug/2017:05:00:58 +0000] "POST /restServices/redbackServices/userService/createAdminUser HTTP/1.1" 500 94 "http://localhost:8080/" "Mozilla/5.0 (Macintosh; Intel Mac OS X 10_12_6) AppleWebKit/537.36 (KHTML, like Gecko) Chrome/60.0.3112.101 Safari/537.36"
0:0:0:0:0:0:0:1 -  -  [22/Aug/2017:05:01:06 +0000] "POST /restServices/redbackServices/userService/createAdminUser HTTP/1.1" 200 4 "http://localhost:8080/" "Mozilla/5.0 (Macintosh; Intel Mac OS X 10_12_6) AppleWebKit/537.36 (KHTML, like Gecko) Chrome/60.0.3112.101 Safari/537.36"
0:0:0:0:0:0:0:1 -  -  [22/Aug/2017:05:01:06 +0000] "POST /restServices/redbackServices/loginService/logIn HTTP/1.1" 200 750 "http://localhost:8080/" "Mozilla/5.0 (Macintosh; Intel Mac OS X 10_12_6) AppleWebKit/537.36 (KHTML, like Gecko) Chrome/60.0.3112.101 Safari/537.36"
0:0:0:0:0:0:0:1 -  -  [22/Aug/2017:05:01:06 +0000] "GET /restServices/redbackServices/loginService/isLogged?_=1503378026419 HTTP/1.1" 200 408 "http://localhost:8080/" "Mozilla/5.0 (Macintosh; Intel Mac OS X 10_12_6) AppleWebKit/537.36 (KHTML, like Gecko) Chrome/60.0.3112.101 Safari/537.36"
0:0:0:0:0:0:0:1 -  -  [22/Aug/2017:05:01:06 +0000] "GET /restServices/redbackServices/userService/isAdminUserExists?_=1503378026418 HTTP/1.1" 200 4 "http://localhost:8080/" "Mozilla/5.0 (Macintosh; Intel Mac OS X 10_12_6) AppleWebKit/537.36 (KHTML, like Gecko) Chrome/60.0.3112.101 Safari/537.36"
0:0:0:0:0:0:0:1 -  -  [22/Aug/2017:05:01:06 +0000] "GET /restServices/archivaServices/searchService/observableRepoIds?_=1503378026420 HTTP/1.1" 200 36 "http://localhost:8080/" "Mozilla/5.0 (Macintosh; Intel Mac OS X 10_12_6) AppleWebKit/537.36 (KHTML, like Gecko) Chrome/60.0.3112.101 Safari/537.36"
0:0:0:0:0:0:0:1 -  -  [22/Aug/2017:05:01:06 +0000] "GET /restServices/redbackServices/userService/getCurrentUserOperations?_=1503378026421 HTTP/1.1" 200 2533 "http://localhost:8080/" "Mozilla/5.0 (Macintosh; Intel Mac OS X 10_12_6) AppleWebKit/537.36 (KHTML, like Gecko) Chrome/60.0.3112.101 Safari/537.36"
0:0:0:0:0:0:0:1 -  -  [22/Aug/2017:05:01:13 +0000] "GET /restServices/archivaServices/archivaAdministrationService/applicationUrl?_=1503378026422 HTTP/1.1" 204 0 "http://localhost:8080/" "Mozilla/5.0 (Macintosh; Intel Mac OS X 10_12_6) AppleWebKit/537.36 (KHTML, like Gecko) Chrome/60.0.3112.101 Safari/537.36"
0:0:0:0:0:0:0:1 -  -  [22/Aug/2017:05:01:13 +0000] "GET /images/system-file-manager-32-32.png HTTP/1.1" 200 667 "http://localhost:8080/" "Mozilla/5.0 (Macintosh; Intel Mac OS X 10_12_6) AppleWebKit/537.36 (KHTML, like Gecko) Chrome/60.0.3112.101 Safari/537.36"
0:0:0:0:0:0:0:1 -  -  [22/Aug/2017:05:01:13 +0000] "PUT /restServices/archivaUiServices/javascriptLogger/info HTTP/1.1" 200 4 "http://localhost:8080/" "Mozilla/5.0 (Macintosh; Intel Mac OS X 10_12_6) AppleWebKit/537.36 (KHTML, like Gecko) Chrome/60.0.3112.101 Safari/537.36"
0:0:0:0:0:0:0:1 -  -  [22/Aug/2017:05:01:13 +0000] "GET /restServices/archivaServices/managedRepositoriesService/getManagedRepositories?_=1503378026423 HTTP/1.1" 200 932 "http://localhost:8080/" "Mozilla/5.0 (Macintosh; Intel Mac OS X 10_12_6) AppleWebKit/537.36 (KHTML, like Gecko) Chrome/60.0.3112.101 Safari/537.36"
0:0:0:0:0:0:0:1 -  -  [22/Aug/2017:05:01:13 +0000] "GET /restServices/archivaServices/remoteRepositoriesService/getRemoteRepositories?_=1503378026424 HTTP/1.1" 200 488 "http://localhost:8080/" "Mozilla/5.0 (Macintosh; Intel Mac OS X 10_12_6) AppleWebKit/537.36 (KHTML, like Gecko) Chrome/60.0.3112.101 Safari/537.36"
0:0:0:0:0:0:0:1 -  -  [22/Aug/2017:05:01:13 +0000] "GET /images/weather-clear-22-22.png HTTP/1.1" 200 952 "http://localhost:8080/" "Mozilla/5.0 (Macintosh; Intel Mac OS X 10_12_6) AppleWebKit/537.36 (KHTML, like Gecko) Chrome/60.0.3112.101 Safari/537.36"
0:0:0:0:0:0:0:1 -  -  [22/Aug/2017:05:01:13 +0000] "GET /images/dialog-error-22-22.png HTTP/1.1" 200 925 "http://localhost:8080/" "Mozilla/5.0 (Macintosh; Intel Mac OS X 10_12_6) AppleWebKit/537.36 (KHTML, like Gecko) Chrome/60.0.3112.101 Safari/537.36"
0:0:0:0:0:0:0:1 -  -  [22/Aug/2017:05:01:13 +0000] "GET /images/atom.gif HTTP/1.1" 200 652 "http://localhost:8080/" "Mozilla/5.0 (Macintosh; Intel Mac OS X 10_12_6) AppleWebKit/537.36 (KHTML, like Gecko) Chrome/60.0.3112.101 Safari/537.36"
0:0:0:0:0:0:0:1 -  -  [22/Aug/2017:05:01:13 +0000] "GET /images/utilities-system-monitor-22-22.png HTTP/1.1" 200 990 "http://localhost:8080/" "Mozilla/5.0 (Macintosh; Intel Mac OS X 10_12_6) AppleWebKit/537.36 (KHTML, like Gecko) Chrome/60.0.3112.101 Safari/537.36"
0:0:0:0:0:0:0:1 -  -  [22/Aug/2017:05:01:13 +0000] "GET /images/small-spinner.gif HTTP/1.1" 200 1542 "http://localhost:8080/" "Mozilla/5.0 (Macintosh; Intel Mac OS X 10_12_6) AppleWebKit/537.36 (KHTML, like Gecko) Chrome/60.0.3112.101 Safari/537.36"
0:0:0:0:0:0:0:1 -  -  [22/Aug/2017:05:01:13 +0000] "GET /img/glyphicons-halflings-white.png HTTP/1.1" 200 8777 "http://localhost:8080/css/bootstrap.2.2.2.css" "Mozilla/5.0 (Macintosh; Intel Mac OS X 10_12_6) AppleWebKit/537.36 (KHTML, like Gecko) Chrome/60.0.3112.101 Safari/537.36"
0:0:0:0:0:0:0:1 -  -  [22/Aug/2017:05:01:13 +0000] "GET /restServices/archivaServices/remoteRepositoriesService/checkRemoteConnectivity/central?_=1503378026425 HTTP/1.1" 200 4 "http://localhost:8080/" "Mozilla/5.0 (Macintosh; Intel Mac OS X 10_12_6) AppleWebKit/537.36 (KHTML, like Gecko) Chrome/60.0.3112.101 Safari/537.36"
0:0:0:0:0:0:0:1 -  -  [22/Aug/2017:05:01:13 +0000] "GET /images/weather-clear.png HTTP/1.1" 200 682 "http://localhost:8080/" "Mozilla/5.0 (Macintosh; Intel Mac OS X 10_12_6) AppleWebKit/537.36 (KHTML, like Gecko) Chrome/60.0.3112.101 Safari/537.36"
0:0:0:0:0:0:0:1 -  -  [22/Aug/2017:05:01:24 +0000] "GET /restServices/archivaUiServices/fileUploadService/clearUploadedFiles?_=1503378026426 HTTP/1.1" 200 4 "http://localhost:8080/" "Mozilla/5.0 (Macintosh; Intel Mac OS X 10_12_6) AppleWebKit/537.36 (KHTML, like Gecko) Chrome/60.0.3112.101 Safari/537.36"
0:0:0:0:0:0:0:1 -  -  [22/Aug/2017:05:01:24 +0000] "GET /restServices/archivaServices/browseService/userManagableRepositories?_=1503378026427 HTTP/1.1" 200 932 "http://localhost:8080/" "Mozilla/5.0 (Macintosh; Intel Mac OS X 10_12_6) AppleWebKit/537.36 (KHTML, like Gecko) Chrome/60.0.3112.101 Safari/537.36"
0:0:0:0:0:0:0:1 -  -  [22/Aug/2017:05:01:24 +0000] "GET /img/loading.gif HTTP/1.1" 200 3897 "http://localhost:8080/css/jquery.fileupload-ui.css" "Mozilla/5.0 (Macintosh; Intel Mac OS X 10_12_6) AppleWebKit/537.36 (KHTML, like Gecko) Chrome/60.0.3112.101 Safari/537.36"
0:0:0:0:0:0:0:1 -  -  [22/Aug/2017:05:01:24 +0000] "GET /images/media-floppy-22-22.png HTTP/1.1" 200 787 "http://localhost:8080/" "Mozilla/5.0 (Macintosh; Intel Mac OS X 10_12_6) AppleWebKit/537.36 (KHTML, like Gecko) Chrome/60.0.3112.101 Safari/537.36"
0:0:0:0:0:0:0:1 -  -  [22/Aug/2017:05:13:06 +0000] "POST /restServices/archivaUiServices/fileUploadService HTTP/1.1" 200 261 "http://localhost:8080/" "Mozilla/5.0 (Macintosh; Intel Mac OS X 10_12_6) AppleWebKit/537.36 (KHTML, like Gecko) Chrome/60.0.3112.101 Safari/537.36"
0:0:0:0:0:0:0:1 -  -  [22/Aug/2017:05:13:15 +0000] "GET /restServices/archivaUiServices/fileUploadService/save/internal/io.almostrealism/TreeView/0.1-rc/jar?_=1503378026428 HTTP/1.1" 200 4 "http://localhost:8080/" "Mozilla/5.0 (Macintosh; Intel Mac OS X 10_12_6) AppleWebKit/537.36 (KHTML, like Gecko) Chrome/60.0.3112.101 Safari/537.36"
0:0:0:0:0:0:0:1 -  -  [22/Aug/2017:05:13:15 +0000] "GET /restServices/archivaUiServices/fileUploadService/clearUploadedFiles?_=1503378026429 HTTP/1.1" 200 4 "http://localhost:8080/" "Mozilla/5.0 (Macintosh; Intel Mac OS X 10_12_6) AppleWebKit/537.36 (KHTML, like Gecko) Chrome/60.0.3112.101 Safari/537.36"
0:0:0:0:0:0:0:1 -  -  [22/Aug/2017:05:26:48 +0000] "GET / HTTP/1.1" 304 0 "-" "Mozilla/5.0 (Macintosh; Intel Mac OS X 10_12_6) AppleWebKit/537.36 (KHTML, like Gecko) Chrome/60.0.3112.101 Safari/537.36"
0:0:0:0:0:0:0:1 -  -  [22/Aug/2017:05:26:49 +0000] "GET /css/select2-3.2.css HTTP/1.1" 304 0 "http://localhost:8080/" "Mozilla/5.0 (Macintosh; Intel Mac OS X 10_12_6) AppleWebKit/537.36 (KHTML, like Gecko) Chrome/60.0.3112.101 Safari/537.36"
0:0:0:0:0:0:0:1 -  -  [22/Aug/2017:05:26:49 +0000] "GET /css/typeahead.js-bootstrap.0.9.3.css HTTP/1.1" 304 0 "http://localhost:8080/" "Mozilla/5.0 (Macintosh; Intel Mac OS X 10_12_6) AppleWebKit/537.36 (KHTML, like Gecko) Chrome/60.0.3112.101 Safari/537.36"
0:0:0:0:0:0:0:1 -  -  [22/Aug/2017:05:26:49 +0000] "GET /css/jquery.fileupload-ui.css HTTP/1.1" 304 0 "http://localhost:8080/" "Mozilla/5.0 (Macintosh; Intel Mac OS X 10_12_6) AppleWebKit/537.36 (KHTML, like Gecko) Chrome/60.0.3112.101 Safari/537.36"
0:0:0:0:0:0:0:1 -  -  [22/Aug/2017:05:26:49 +0000] "GET /css/jqueryFileTree.css HTTP/1.1" 304 0 "http://localhost:8080/" "Mozilla/5.0 (Macintosh; Intel Mac OS X 10_12_6) AppleWebKit/537.36 (KHTML, like Gecko) Chrome/60.0.3112.101 Safari/537.36"
0:0:0:0:0:0:0:1 -  -  [22/Aug/2017:05:26:49 +0000] "GET /css/bootstrap.2.2.2.css HTTP/1.1" 304 0 "http://localhost:8080/" "Mozilla/5.0 (Macintosh; Intel Mac OS X 10_12_6) AppleWebKit/537.36 (KHTML, like Gecko) Chrome/60.0.3112.101 Safari/537.36"
0:0:0:0:0:0:0:1 -  -  [22/Aug/2017:05:26:49 +0000] "GET /css/jquery-ui-1.9.2.custom.min.css HTTP/1.1" 304 0 "http://localhost:8080/" "Mozilla/5.0 (Macintosh; Intel Mac OS X 10_12_6) AppleWebKit/537.36 (KHTML, like Gecko) Chrome/60.0.3112.101 Safari/537.36"
0:0:0:0:0:0:0:1 -  -  [22/Aug/2017:05:26:49 +0000] "GET /css/prettify.css HTTP/1.1" 304 0 "http://localhost:8080/" "Mozilla/5.0 (Macintosh; Intel Mac OS X 10_12_6) AppleWebKit/537.36 (KHTML, like Gecko) Chrome/60.0.3112.101 Safari/537.36"
0:0:0:0:0:0:0:1 -  -  [22/Aug/2017:05:26:49 +0000] "GET /js/jquery-1.11.1.min.js HTTP/1.1" 304 0 "http://localhost:8080/" "Mozilla/5.0 (Macintosh; Intel Mac OS X 10_12_6) AppleWebKit/537.36 (KHTML, like Gecko) Chrome/60.0.3112.101 Safari/537.36"
0:0:0:0:0:0:0:1 -  -  [22/Aug/2017:05:26:49 +0000] "GET /css/archiva.css HTTP/1.1" 304 0 "http://localhost:8080/" "Mozilla/5.0 (Macintosh; Intel Mac OS X 10_12_6) AppleWebKit/537.36 (KHTML, like Gecko) Chrome/60.0.3112.101 Safari/537.36"
0:0:0:0:0:0:0:1 -  -  [22/Aug/2017:05:26:49 +0000] "GET /js/require.min.2.1.11.js HTTP/1.1" 304 0 "http://localhost:8080/" "Mozilla/5.0 (Macintosh; Intel Mac OS X 10_12_6) AppleWebKit/537.36 (KHTML, like Gecko) Chrome/60.0.3112.101 Safari/537.36"
0:0:0:0:0:0:0:1 -  -  [22/Aug/2017:05:26:49 +0000] "GET /js/sammy.0.7.4.js HTTP/1.1" 304 0 "http://localhost:8080/" "Mozilla/5.0 (Macintosh; Intel Mac OS X 10_12_6) AppleWebKit/537.36 (KHTML, like Gecko) Chrome/60.0.3112.101 Safari/537.36"
0:0:0:0:0:0:0:1 -  -  [22/Aug/2017:05:26:49 +0000] "GET /js/jquery-ui-1.10.4.min.js HTTP/1.1" 304 0 "http://localhost:8080/" "Mozilla/5.0 (Macintosh; Intel Mac OS X 10_12_6) AppleWebKit/537.36 (KHTML, like Gecko) Chrome/60.0.3112.101 Safari/537.36"
0:0:0:0:0:0:0:1 -  -  [22/Aug/2017:05:26:49 +0000] "GET /images/medium-spinner.gif HTTP/1.1" 304 0 "http://localhost:8080/" "Mozilla/5.0 (Macintosh; Intel Mac OS X 10_12_6) AppleWebKit/537.36 (KHTML, like Gecko) Chrome/60.0.3112.101 Safari/537.36"
0:0:0:0:0:0:0:1 -  -  [22/Aug/2017:05:26:49 +0000] "GET /js/archiva/archiva.js HTTP/1.1" 304 0 "http://localhost:8080/" "Mozilla/5.0 (Macintosh; Intel Mac OS X 10_12_6) AppleWebKit/537.36 (KHTML, like Gecko) Chrome/60.0.3112.101 Safari/537.36"
0:0:0:0:0:0:0:1 -  -  [22/Aug/2017:05:26:49 +0000] "GET /restServices/archivaUiServices/runtimeInfoService/archivaRuntimeInfo/en?_=1503379609115 HTTP/1.1" 200 345 "http://localhost:8080/" "Mozilla/5.0 (Macintosh; Intel Mac OS X 10_12_6) AppleWebKit/537.36 (KHTML, like Gecko) Chrome/60.0.3112.101 Safari/537.36"
0:0:0:0:0:0:0:1 -  -  [22/Aug/2017:05:26:49 +0000] "GET /js/jquery-1.11.1.min.js?_archivaVersion=2.2.3 HTTP/1.1" 304 0 "http://localhost:8080/" "Mozilla/5.0 (Macintosh; Intel Mac OS X 10_12_6) AppleWebKit/537.36 (KHTML, like Gecko) Chrome/60.0.3112.101 Safari/537.36"
0:0:0:0:0:0:0:1 -  -  [22/Aug/2017:05:26:49 +0000] "GET /js/jquery-ui-1.10.4.min.js?_archivaVersion=2.2.3 HTTP/1.1" 304 0 "http://localhost:8080/" "Mozilla/5.0 (Macintosh; Intel Mac OS X 10_12_6) AppleWebKit/537.36 (KHTML, like Gecko) Chrome/60.0.3112.101 Safari/537.36"
0:0:0:0:0:0:0:1 -  -  [22/Aug/2017:05:26:49 +0000] "GET /js/jquery.tmpl.js?_archivaVersion=2.2.3 HTTP/1.1" 304 0 "http://localhost:8080/" "Mozilla/5.0 (Macintosh; Intel Mac OS X 10_12_6) AppleWebKit/537.36 (KHTML, like Gecko) Chrome/60.0.3112.101 Safari/537.36"
0:0:0:0:0:0:0:1 -  -  [22/Aug/2017:05:26:49 +0000] "GET /js/jquery.i18n.properties-1.0.9.js?_archivaVersion=2.2.3 HTTP/1.1" 304 0 "http://localhost:8080/" "Mozilla/5.0 (Macintosh; Intel Mac OS X 10_12_6) AppleWebKit/537.36 (KHTML, like Gecko) Chrome/60.0.3112.101 Safari/537.36"
0:0:0:0:0:0:0:1 -  -  [22/Aug/2017:05:26:49 +0000] "GET /js/domReady.js?_archivaVersion=2.2.3 HTTP/1.1" 304 0 "http://localhost:8080/" "Mozilla/5.0 (Macintosh; Intel Mac OS X 10_12_6) AppleWebKit/537.36 (KHTML, like Gecko) Chrome/60.0.3112.101 Safari/537.36"
0:0:0:0:0:0:0:1 -  -  [22/Aug/2017:05:26:49 +0000] "GET /js/archiva/startup.js?_archivaVersion=2.2.3 HTTP/1.1" 304 0 "http://localhost:8080/" "Mozilla/5.0 (Macintosh; Intel Mac OS X 10_12_6) AppleWebKit/537.36 (KHTML, like Gecko) Chrome/60.0.3112.101 Safari/537.36"
0:0:0:0:0:0:0:1 -  -  [22/Aug/2017:05:26:49 +0000] "GET /js/archiva/cookie-information.js?_archivaVersion=2.2.3 HTTP/1.1" 304 0 "http://localhost:8080/" "Mozilla/5.0 (Macintosh; Intel Mac OS X 10_12_6) AppleWebKit/537.36 (KHTML, like Gecko) Chrome/60.0.3112.101 Safari/537.36"
0:0:0:0:0:0:0:1 -  -  [22/Aug/2017:05:26:49 +0000] "GET /js/sammy.0.7.4.js?_archivaVersion=2.2.3 HTTP/1.1" 304 0 "http://localhost:8080/" "Mozilla/5.0 (Macintosh; Intel Mac OS X 10_12_6) AppleWebKit/537.36 (KHTML, like Gecko) Chrome/60.0.3112.101 Safari/537.36"
0:0:0:0:0:0:0:1 -  -  [22/Aug/2017:05:26:49 +0000] "GET /js/archiva/utils.js?_archivaVersion=2.2.3 HTTP/1.1" 304 0 "http://localhost:8080/" "Mozilla/5.0 (Macintosh; Intel Mac OS X 10_12_6) AppleWebKit/537.36 (KHTML, like Gecko) Chrome/60.0.3112.101 Safari/537.36"
0:0:0:0:0:0:0:1 -  -  [22/Aug/2017:05:26:49 +0000] "GET /js/knockout-2.3.0.debug.js?_archivaVersion=2.2.3 HTTP/1.1" 304 0 "http://localhost:8080/" "Mozilla/5.0 (Macintosh; Intel Mac OS X 10_12_6) AppleWebKit/537.36 (KHTML, like Gecko) Chrome/60.0.3112.101 Safari/537.36"
0:0:0:0:0:0:0:1 -  -  [22/Aug/2017:05:26:49 +0000] "GET /js/archiva/main.js?_archivaVersion=2.2.3 HTTP/1.1" 304 0 "http://localhost:8080/" "Mozilla/5.0 (Macintosh; Intel Mac OS X 10_12_6) AppleWebKit/537.36 (KHTML, like Gecko) Chrome/60.0.3112.101 Safari/537.36"
0:0:0:0:0:0:0:1 -  -  [22/Aug/2017:05:26:49 +0000] "GET /js/bootstrap.2.2.2.js?_archivaVersion=2.2.3 HTTP/1.1" 304 0 "http://localhost:8080/" "Mozilla/5.0 (Macintosh; Intel Mac OS X 10_12_6) AppleWebKit/537.36 (KHTML, like Gecko) Chrome/60.0.3112.101 Safari/537.36"
0:0:0:0:0:0:0:1 -  -  [22/Aug/2017:05:26:49 +0000] "GET /js/jquery.validate.1.11.1.min.js?_archivaVersion=2.2.3 HTTP/1.1" 304 0 "http://localhost:8080/" "Mozilla/5.0 (Macintosh; Intel Mac OS X 10_12_6) AppleWebKit/537.36 (KHTML, like Gecko) Chrome/60.0.3112.101 Safari/537.36"
0:0:0:0:0:0:0:1 -  -  [22/Aug/2017:05:26:49 +0000] "GET /js/archiva/search.js?_archivaVersion=2.2.3 HTTP/1.1" 304 0 "http://localhost:8080/" "Mozilla/5.0 (Macintosh; Intel Mac OS X 10_12_6) AppleWebKit/537.36 (KHTML, like Gecko) Chrome/60.0.3112.101 Safari/537.36"
0:0:0:0:0:0:0:1 -  -  [22/Aug/2017:05:26:49 +0000] "GET /js/jquery.cookie.1.4.1.js?_archivaVersion=2.2.3 HTTP/1.1" 304 0 "http://localhost:8080/" "Mozilla/5.0 (Macintosh; Intel Mac OS X 10_12_6) AppleWebKit/537.36 (KHTML, like Gecko) Chrome/60.0.3112.101 Safari/537.36"
0:0:0:0:0:0:0:1 -  -  [22/Aug/2017:05:26:49 +0000] "GET /js/jquery.json-2.3.min.js?_archivaVersion=2.2.3 HTTP/1.1" 304 0 "http://localhost:8080/" "Mozilla/5.0 (Macintosh; Intel Mac OS X 10_12_6) AppleWebKit/537.36 (KHTML, like Gecko) Chrome/60.0.3112.101 Safari/537.36"
0:0:0:0:0:0:0:1 -  -  [22/Aug/2017:05:26:49 +0000] "GET /js/typeahead.min.0.9.3.js?_archivaVersion=2.2.3 HTTP/1.1" 304 0 "http://localhost:8080/" "Mozilla/5.0 (Macintosh; Intel Mac OS X 10_12_6) AppleWebKit/537.36 (KHTML, like Gecko) Chrome/60.0.3112.101 Safari/537.36"
0:0:0:0:0:0:0:1 -  -  [22/Aug/2017:05:26:49 +0000] "GET /js/hogan-2.0.0.js?_archivaVersion=2.2.3 HTTP/1.1" 304 0 "http://localhost:8080/" "Mozilla/5.0 (Macintosh; Intel Mac OS X 10_12_6) AppleWebKit/537.36 (KHTML, like Gecko) Chrome/60.0.3112.101 Safari/537.36"
0:0:0:0:0:0:0:1 -  -  [22/Aug/2017:05:26:49 +0000] "GET /js/archiva/docs.js?_archivaVersion=2.2.3 HTTP/1.1" 304 0 "http://localhost:8080/" "Mozilla/5.0 (Macintosh; Intel Mac OS X 10_12_6) AppleWebKit/537.36 (KHTML, like Gecko) Chrome/60.0.3112.101 Safari/537.36"
0:0:0:0:0:0:0:1 -  -  [22/Aug/2017:05:26:49 +0000] "GET /js/redback/redback.js?_archivaVersion=2.2.3 HTTP/1.1" 304 0 "http://localhost:8080/" "Mozilla/5.0 (Macintosh; Intel Mac OS X 10_12_6) AppleWebKit/537.36 (KHTML, like Gecko) Chrome/60.0.3112.101 Safari/537.36"
0:0:0:0:0:0:0:1 -  -  [22/Aug/2017:05:26:49 +0000] "GET /js/redback/roles.js?_archivaVersion=2.2.3 HTTP/1.1" 304 0 "http://localhost:8080/" "Mozilla/5.0 (Macintosh; Intel Mac OS X 10_12_6) AppleWebKit/537.36 (KHTML, like Gecko) Chrome/60.0.3112.101 Safari/537.36"
0:0:0:0:0:0:0:1 -  -  [22/Aug/2017:05:26:49 +0000] "GET /js/archiva/artifacts-management.js?_archivaVersion=2.2.3 HTTP/1.1" 304 0 "http://localhost:8080/" "Mozilla/5.0 (Macintosh; Intel Mac OS X 10_12_6) AppleWebKit/537.36 (KHTML, like Gecko) Chrome/60.0.3112.101 Safari/537.36"
0:0:0:0:0:0:0:1 -  -  [22/Aug/2017:05:26:49 +0000] "GET /js/redback/redback-tmpl.js?_archivaVersion=2.2.3 HTTP/1.1" 304 0 "http://localhost:8080/" "Mozilla/5.0 (Macintosh; Intel Mac OS X 10_12_6) AppleWebKit/537.36 (KHTML, like Gecko) Chrome/60.0.3112.101 Safari/537.36"
0:0:0:0:0:0:0:1 -  -  [22/Aug/2017:05:26:49 +0000] "GET /js/archiva/main-tmpl.js?_archivaVersion=2.2.3 HTTP/1.1" 304 0 "http://localhost:8080/" "Mozilla/5.0 (Macintosh; Intel Mac OS X 10_12_6) AppleWebKit/537.36 (KHTML, like Gecko) Chrome/60.0.3112.101 Safari/537.36"
0:0:0:0:0:0:0:1 -  -  [22/Aug/2017:05:26:49 +0000] "GET /js/knockout.simpleGrid.js?_archivaVersion=2.2.3 HTTP/1.1" 304 0 "http://localhost:8080/" "Mozilla/5.0 (Macintosh; Intel Mac OS X 10_12_6) AppleWebKit/537.36 (KHTML, like Gecko) Chrome/60.0.3112.101 Safari/537.36"
0:0:0:0:0:0:0:1 -  -  [22/Aug/2017:05:26:49 +0000] "GET /js/redback/user.js?_archivaVersion=2.2.3 HTTP/1.1" 304 0 "http://localhost:8080/" "Mozilla/5.0 (Macintosh; Intel Mac OS X 10_12_6) AppleWebKit/537.36 (KHTML, like Gecko) Chrome/60.0.3112.101 Safari/537.36"
0:0:0:0:0:0:0:1 -  -  [22/Aug/2017:05:26:49 +0000] "GET /js/redback/users.js?_archivaVersion=2.2.3 HTTP/1.1" 304 0 "http://localhost:8080/" "Mozilla/5.0 (Macintosh; Intel Mac OS X 10_12_6) AppleWebKit/537.36 (KHTML, like Gecko) Chrome/60.0.3112.101 Safari/537.36"
0:0:0:0:0:0:0:1 -  -  [22/Aug/2017:05:26:49 +0000] "GET /js/jquery.fileupload-5.10.0.js?_archivaVersion=2.2.3 HTTP/1.1" 304 0 "http://localhost:8080/" "Mozilla/5.0 (Macintosh; Intel Mac OS X 10_12_6) AppleWebKit/537.36 (KHTML, like Gecko) Chrome/60.0.3112.101 Safari/537.36"
0:0:0:0:0:0:0:1 -  -  [22/Aug/2017:05:26:49 +0000] "GET /js/jquery.fileupload-ui-6.6.3.js?_archivaVersion=2.2.3 HTTP/1.1" 304 0 "http://localhost:8080/" "Mozilla/5.0 (Macintosh; Intel Mac OS X 10_12_6) AppleWebKit/537.36 (KHTML, like Gecko) Chrome/60.0.3112.101 Safari/537.36"
0:0:0:0:0:0:0:1 -  -  [22/Aug/2017:05:26:49 +0000] "GET /js/prettify.js?_archivaVersion=2.2.3 HTTP/1.1" 304 0 "http://localhost:8080/" "Mozilla/5.0 (Macintosh; Intel Mac OS X 10_12_6) AppleWebKit/537.36 (KHTML, like Gecko) Chrome/60.0.3112.101 Safari/537.36"
0:0:0:0:0:0:0:1 -  -  [22/Aug/2017:05:26:49 +0000] "GET /js/select2.min-3.2.js?_archivaVersion=2.2.3 HTTP/1.1" 304 0 "http://localhost:8080/" "Mozilla/5.0 (Macintosh; Intel Mac OS X 10_12_6) AppleWebKit/537.36 (KHTML, like Gecko) Chrome/60.0.3112.101 Safari/537.36"
0:0:0:0:0:0:0:1 -  -  [22/Aug/2017:05:26:49 +0000] "GET /js/d3.v3.min.js?_archivaVersion=2.2.3 HTTP/1.1" 304 0 "http://localhost:8080/" "Mozilla/5.0 (Macintosh; Intel Mac OS X 10_12_6) AppleWebKit/537.36 (KHTML, like Gecko) Chrome/60.0.3112.101 Safari/537.36"
0:0:0:0:0:0:0:1 -  -  [22/Aug/2017:05:26:49 +0000] "GET /js/jqueryFileTree-1.0.1.js?_archivaVersion=2.2.3 HTTP/1.1" 304 0 "http://localhost:8080/" "Mozilla/5.0 (Macintosh; Intel Mac OS X 10_12_6) AppleWebKit/537.36 (KHTML, like Gecko) Chrome/60.0.3112.101 Safari/537.36"
0:0:0:0:0:0:0:1 -  -  [22/Aug/2017:05:26:49 +0000] "GET /js/purl-2.2.1.js?_archivaVersion=2.2.3 HTTP/1.1" 304 0 "http://localhost:8080/" "Mozilla/5.0 (Macintosh; Intel Mac OS X 10_12_6) AppleWebKit/537.36 (KHTML, like Gecko) Chrome/60.0.3112.101 Safari/537.36"
0:0:0:0:0:0:0:1 -  -  [22/Aug/2017:05:26:49 +0000] "GET /js/tmpl.min.js?_archivaVersion=2.2.3 HTTP/1.1" 304 0 "http://localhost:8080/" "Mozilla/5.0 (Macintosh; Intel Mac OS X 10_12_6) AppleWebKit/537.36 (KHTML, like Gecko) Chrome/60.0.3112.101 Safari/537.36"
0:0:0:0:0:0:0:1 -  -  [22/Aug/2017:05:26:49 +0000] "GET /js/jquery.fileupload-ip-1.0.6.js?_archivaVersion=2.2.3 HTTP/1.1" 304 0 "http://localhost:8080/" "Mozilla/5.0 (Macintosh; Intel Mac OS X 10_12_6) AppleWebKit/537.36 (KHTML, like Gecko) Chrome/60.0.3112.101 Safari/537.36"
0:0:0:0:0:0:0:1 -  -  [22/Aug/2017:05:26:49 +0000] "GET /js/text.js?_archivaVersion=2.2.3 HTTP/1.1" 304 0 "http://localhost:8080/" "Mozilla/5.0 (Macintosh; Intel Mac OS X 10_12_6) AppleWebKit/537.36 (KHTML, like Gecko) Chrome/60.0.3112.101 Safari/537.36"
0:0:0:0:0:0:0:1 -  -  [22/Aug/2017:05:26:49 +0000] "GET /js/jquery.ui.widget-1.9.2.js?_archivaVersion=2.2.3 HTTP/1.1" 304 0 "http://localhost:8080/" "Mozilla/5.0 (Macintosh; Intel Mac OS X 10_12_6) AppleWebKit/537.36 (KHTML, like Gecko) Chrome/60.0.3112.101 Safari/537.36"
0:0:0:0:0:0:0:1 -  -  [22/Aug/2017:05:26:49 +0000] "GET /js/templates/redback/user-edit.html?_archivaVersion=2.2.3 HTTP/1.1" 304 0 "http://localhost:8080/" "Mozilla/5.0 (Macintosh; Intel Mac OS X 10_12_6) AppleWebKit/537.36 (KHTML, like Gecko) Chrome/60.0.3112.101 Safari/537.36"
0:0:0:0:0:0:0:1 -  -  [22/Aug/2017:05:26:49 +0000] "GET /js/templates/archiva/menu.html?_archivaVersion=2.2.3 HTTP/1.1" 304 0 "http://localhost:8080/" "Mozilla/5.0 (Macintosh; Intel Mac OS X 10_12_6) AppleWebKit/537.36 (KHTML, like Gecko) Chrome/60.0.3112.101 Safari/537.36"
0:0:0:0:0:0:0:1 -  -  [22/Aug/2017:05:26:49 +0000] "GET /js/templates/archiva/modal.html?_archivaVersion=2.2.3 HTTP/1.1" 304 0 "http://localhost:8080/" "Mozilla/5.0 (Macintosh; Intel Mac OS X 10_12_6) AppleWebKit/537.36 (KHTML, like Gecko) Chrome/60.0.3112.101 Safari/537.36"
0:0:0:0:0:0:0:1 -  -  [22/Aug/2017:05:26:49 +0000] "GET /js/templates/redback/login.html?_archivaVersion=2.2.3 HTTP/1.1" 304 0 "http://localhost:8080/" "Mozilla/5.0 (Macintosh; Intel Mac OS X 10_12_6) AppleWebKit/537.36 (KHTML, like Gecko) Chrome/60.0.3112.101 Safari/537.36"
0:0:0:0:0:0:0:1 -  -  [22/Aug/2017:05:26:49 +0000] "GET /js/templates/archiva/generics.html?_archivaVersion=2.2.3 HTTP/1.1" 304 0 "http://localhost:8080/" "Mozilla/5.0 (Macintosh; Intel Mac OS X 10_12_6) AppleWebKit/537.36 (KHTML, like Gecko) Chrome/60.0.3112.101 Safari/537.36"
0:0:0:0:0:0:0:1 -  -  [22/Aug/2017:05:26:49 +0000] "GET /js/templates/archiva/repositories.html?_archivaVersion=2.2.3 HTTP/1.1" 304 0 "http://localhost:8080/" "Mozilla/5.0 (Macintosh; Intel Mac OS X 10_12_6) AppleWebKit/537.36 (KHTML, like Gecko) Chrome/60.0.3112.101 Safari/537.36"
0:0:0:0:0:0:0:1 -  -  [22/Aug/2017:05:26:49 +0000] "GET /js/templates/archiva/search.html?_archivaVersion=2.2.3 HTTP/1.1" 304 0 "http://localhost:8080/" "Mozilla/5.0 (Macintosh; Intel Mac OS X 10_12_6) AppleWebKit/537.36 (KHTML, like Gecko) Chrome/60.0.3112.101 Safari/537.36"
0:0:0:0:0:0:0:1 -  -  [22/Aug/2017:05:26:49 +0000] "GET /js/templates/archiva/docs.html?_archivaVersion=2.2.3 HTTP/1.1" 304 0 "http://localhost:8080/" "Mozilla/5.0 (Macintosh; Intel Mac OS X 10_12_6) AppleWebKit/537.36 (KHTML, like Gecko) Chrome/60.0.3112.101 Safari/537.36"
0:0:0:0:0:0:0:1 -  -  [22/Aug/2017:05:26:49 +0000] "GET /js/templates/archiva/general-admin.html?_archivaVersion=2.2.3 HTTP/1.1" 304 0 "http://localhost:8080/" "Mozilla/5.0 (Macintosh; Intel Mac OS X 10_12_6) AppleWebKit/537.36 (KHTML, like Gecko) Chrome/60.0.3112.101 Safari/537.36"
0:0:0:0:0:0:0:1 -  -  [22/Aug/2017:05:26:49 +0000] "GET /restServices/archivaServices/commonServices/getAllI18nResources?locale=en-US&_=1503379609396 HTTP/1.1" 200 51494 "http://localhost:8080/" "Mozilla/5.0 (Macintosh; Intel Mac OS X 10_12_6) AppleWebKit/537.36 (KHTML, like Gecko) Chrome/60.0.3112.101 Safari/537.36"
0:0:0:0:0:0:0:1 -  -  [22/Aug/2017:05:26:49 +0000] "GET /restServices/archivaUiServices/runtimeInfoService/archivaRuntimeInfo/en-US?_=1503379609397 HTTP/1.1" 200 345 "http://localhost:8080/" "Mozilla/5.0 (Macintosh; Intel Mac OS X 10_12_6) AppleWebKit/537.36 (KHTML, like Gecko) Chrome/60.0.3112.101 Safari/537.36"
0:0:0:0:0:0:0:1 -  -  [22/Aug/2017:05:26:49 +0000] "GET /restServices/archivaServices/pluginsService/getAdminPlugins?_=1503379609398 HTTP/1.1" 200 120 "http://localhost:8080/" "Mozilla/5.0 (Macintosh; Intel Mac OS X 10_12_6) AppleWebKit/537.36 (KHTML, like Gecko) Chrome/60.0.3112.101 Safari/537.36"
0:0:0:0:0:0:0:1 -  -  [22/Aug/2017:05:26:49 +0000] "GET /restServices/redbackServices/loginService/isLogged?_=1503379609399 HTTP/1.1" 204 0 "http://localhost:8080/" "Mozilla/5.0 (Macintosh; Intel Mac OS X 10_12_6) AppleWebKit/537.36 (KHTML, like Gecko) Chrome/60.0.3112.101 Safari/537.36"
0:0:0:0:0:0:0:1 -  -  [22/Aug/2017:05:26:49 +0000] "GET /restServices/archivaServices/archivaAdministrationService/registrationDisabled?_=1503379609401 HTTP/1.1" 200 5 "http://localhost:8080/" "Mozilla/5.0 (Macintosh; Intel Mac OS X 10_12_6) AppleWebKit/537.36 (KHTML, like Gecko) Chrome/60.0.3112.101 Safari/537.36"
0:0:0:0:0:0:0:1 -  -  [22/Aug/2017:05:26:49 +0000] "GET /restServices/redbackServices/userService/isAdminUserExists?_=1503379609400 HTTP/1.1" 200 4 "http://localhost:8080/" "Mozilla/5.0 (Macintosh; Intel Mac OS X 10_12_6) AppleWebKit/537.36 (KHTML, like Gecko) Chrome/60.0.3112.101 Safari/537.36"
0:0:0:0:0:0:0:1 -  -  [22/Aug/2017:05:26:49 +0000] "GET /restServices/redbackServices/userService/isAdminUserExists?_=1503379609402 HTTP/1.1" 200 4 "http://localhost:8080/" "Mozilla/5.0 (Macintosh; Intel Mac OS X 10_12_6) AppleWebKit/537.36 (KHTML, like Gecko) Chrome/60.0.3112.101 Safari/537.36"
0:0:0:0:0:0:0:1 -  -  [22/Aug/2017:05:26:49 +0000] "GET /restServices/archivaServices/archivaAdministrationService/getOrganisationInformation?_=1503379609403 HTTP/1.1" 200 44 "http://localhost:8080/" "Mozilla/5.0 (Macintosh; Intel Mac OS X 10_12_6) AppleWebKit/537.36 (KHTML, like Gecko) Chrome/60.0.3112.101 Safari/537.36"
0:0:0:0:0:0:0:1 -  -  [22/Aug/2017:05:26:49 +0000] "GET /js/archiva/admin/features/generaladmin/main.js?_archivaVersion=2.2.3 HTTP/1.1" 304 0 "http://localhost:8080/" "Mozilla/5.0 (Macintosh; Intel Mac OS X 10_12_6) AppleWebKit/537.36 (KHTML, like Gecko) Chrome/60.0.3112.101 Safari/537.36"
0:0:0:0:0:0:0:1 -  -  [22/Aug/2017:05:26:49 +0000] "GET /js/archiva/admin/features/networkproxies/main.js?_archivaVersion=2.2.3 HTTP/1.1" 304 0 "http://localhost:8080/" "Mozilla/5.0 (Macintosh; Intel Mac OS X 10_12_6) AppleWebKit/537.36 (KHTML, like Gecko) Chrome/60.0.3112.101 Safari/537.36"
0:0:0:0:0:0:0:1 -  -  [22/Aug/2017:05:26:49 +0000] "GET /js/archiva/admin/repository/maven2/main.js?_archivaVersion=2.2.3 HTTP/1.1" 304 0 "http://localhost:8080/" "Mozilla/5.0 (Macintosh; Intel Mac OS X 10_12_6) AppleWebKit/537.36 (KHTML, like Gecko) Chrome/60.0.3112.101 Safari/537.36"
0:0:0:0:0:0:0:1 -  -  [22/Aug/2017:05:26:49 +0000] "GET /images/archiva.png HTTP/1.1" 304 0 "http://localhost:8080/" "Mozilla/5.0 (Macintosh; Intel Mac OS X 10_12_6) AppleWebKit/537.36 (KHTML, like Gecko) Chrome/60.0.3112.101 Safari/537.36"
0:0:0:0:0:0:0:1 -  -  [22/Aug/2017:05:26:49 +0000] "GET /restServices/archivaServices/archivaAdministrationService/registrationDisabled?_=1503379609404 HTTP/1.1" 200 5 "http://localhost:8080/" "Mozilla/5.0 (Macintosh; Intel Mac OS X 10_12_6) AppleWebKit/537.36 (KHTML, like Gecko) Chrome/60.0.3112.101 Safari/537.36"
0:0:0:0:0:0:0:1 -  -  [22/Aug/2017:05:26:49 +0000] "GET /js/archiva/admin/repository/maven2/proxy-connectors.js?_archivaVersion=2.2.3 HTTP/1.1" 304 0 "http://localhost:8080/" "Mozilla/5.0 (Macintosh; Intel Mac OS X 10_12_6) AppleWebKit/537.36 (KHTML, like Gecko) Chrome/60.0.3112.101 Safari/537.36"
0:0:0:0:0:0:0:1 -  -  [22/Aug/2017:05:26:49 +0000] "GET /js/archiva/admin/repository/maven2/proxy-connectors-rules.js?_archivaVersion=2.2.3 HTTP/1.1" 304 0 "http://localhost:8080/" "Mozilla/5.0 (Macintosh; Intel Mac OS X 10_12_6) AppleWebKit/537.36 (KHTML, like Gecko) Chrome/60.0.3112.101 Safari/537.36"
0:0:0:0:0:0:0:1 -  -  [22/Aug/2017:05:26:49 +0000] "GET /js/archiva/admin/repository/maven2/repository-groups.js?_archivaVersion=2.2.3 HTTP/1.1" 304 0 "http://localhost:8080/" "Mozilla/5.0 (Macintosh; Intel Mac OS X 10_12_6) AppleWebKit/537.36 (KHTML, like Gecko) Chrome/60.0.3112.101 Safari/537.36"
0:0:0:0:0:0:0:1 -  -  [22/Aug/2017:05:26:49 +0000] "GET /restServices/archivaServices/archivaAdministrationService/getOrganisationInformation?_=1503379609405 HTTP/1.1" 200 44 "http://localhost:8080/" "Mozilla/5.0 (Macintosh; Intel Mac OS X 10_12_6) AppleWebKit/537.36 (KHTML, like Gecko) Chrome/60.0.3112.101 Safari/537.36"
0:0:0:0:0:0:0:1 -  -  [22/Aug/2017:05:26:49 +0000] "GET /js/knockout.select2.js?_archivaVersion=2.2.3 HTTP/1.1" 304 0 "http://localhost:8080/" "Mozilla/5.0 (Macintosh; Intel Mac OS X 10_12_6) AppleWebKit/537.36 (KHTML, like Gecko) Chrome/60.0.3112.101 Safari/537.36"
0:0:0:0:0:0:0:1 -  -  [22/Aug/2017:05:26:49 +0000] "GET /js/knockout-sortable.0.7.2.js?_archivaVersion=2.2.3 HTTP/1.1" 304 0 "http://localhost:8080/" "Mozilla/5.0 (Macintosh; Intel Mac OS X 10_12_6) AppleWebKit/537.36 (KHTML, like Gecko) Chrome/60.0.3112.101 Safari/537.36"
0:0:0:0:0:0:0:1 -  -  [22/Aug/2017:05:26:49 +0000] "GET /js/archiva/admin/repository/maven2/repositories.js?_archivaVersion=2.2.3 HTTP/1.1" 304 0 "http://localhost:8080/" "Mozilla/5.0 (Macintosh; Intel Mac OS X 10_12_6) AppleWebKit/537.36 (KHTML, like Gecko) Chrome/60.0.3112.101 Safari/537.36"
0:0:0:0:0:0:0:1 -  -  [22/Aug/2017:05:26:51 +0000] "GET /restServices/archivaServices/browseService/userRepositories?_=1503379609406 HTTP/1.1" 200 2 "http://localhost:8080/" "Mozilla/5.0 (Macintosh; Intel Mac OS X 10_12_6) AppleWebKit/537.36 (KHTML, like Gecko) Chrome/60.0.3112.101 Safari/537.36"
0:0:0:0:0:0:0:1 -  -  [22/Aug/2017:05:26:51 +0000] "GET /restServices/archivaServices/archivaAdministrationService/applicationUrl?_=1503379609407 HTTP/1.1" 204 0 "http://localhost:8080/" "Mozilla/5.0 (Macintosh; Intel Mac OS X 10_12_6) AppleWebKit/537.36 (KHTML, like Gecko) Chrome/60.0.3112.101 Safari/537.36"
0:0:0:0:0:0:0:1 -  -  [22/Aug/2017:05:26:51 +0000] "GET /restServices/archivaServices/browseService/rootGroups?_=1503379609408 HTTP/1.1" 200 26 "http://localhost:8080/" "Mozilla/5.0 (Macintosh; Intel Mac OS X 10_12_6) AppleWebKit/537.36 (KHTML, like Gecko) Chrome/60.0.3112.101 Safari/537.36"
0:0:0:0:0:0:0:1 -  -  [22/Aug/2017:05:26:51 +0000] "GET /css/images/select2x2.png HTTP/1.1" 304 0 "http://localhost:8080/css/select2-3.2.css" "Mozilla/5.0 (Macintosh; Intel Mac OS X 10_12_6) AppleWebKit/537.36 (KHTML, like Gecko) Chrome/60.0.3112.101 Safari/537.36"
0:0:0:0:0:0:0:1 -  -  [22/Aug/2017:05:26:51 +0000] "PUT /restServices/archivaUiServices/javascriptLogger/info HTTP/1.1" 200 4 "http://localhost:8080/" "Mozilla/5.0 (Macintosh; Intel Mac OS X 10_12_6) AppleWebKit/537.36 (KHTML, like Gecko) Chrome/60.0.3112.101 Safari/537.36"
0:0:0:0:0:0:0:1 -  -  [22/Aug/2017:05:26:51 +0000] "GET /images/view-refresh.png HTTP/1.1" 304 0 "http://localhost:8080/" "Mozilla/5.0 (Macintosh; Intel Mac OS X 10_12_6) AppleWebKit/537.36 (KHTML, like Gecko) Chrome/60.0.3112.101 Safari/537.36"
0:0:0:0:0:0:0:1 -  -  [22/Aug/2017:05:26:51 +0000] "GET /images/go-home.png HTTP/1.1" 304 0 "http://localhost:8080/" "Mozilla/5.0 (Macintosh; Intel Mac OS X 10_12_6) AppleWebKit/537.36 (KHTML, like Gecko) Chrome/60.0.3112.101 Safari/537.36"
0:0:0:0:0:0:0:1 -  -  [22/Aug/2017:05:27:00 +0000] "GET /images/small-spinner.gif HTTP/1.1" 304 0 "http://localhost:8080/" "Mozilla/5.0 (Macintosh; Intel Mac OS X 10_12_6) AppleWebKit/537.36 (KHTML, like Gecko) Chrome/60.0.3112.101 Safari/537.36"
0:0:0:0:0:0:0:1 -  -  [22/Aug/2017:05:27:00 +0000] "POST /restServices/redbackServices/loginService/logIn HTTP/1.1" 500 87 "http://localhost:8080/" "Mozilla/5.0 (Macintosh; Intel Mac OS X 10_12_6) AppleWebKit/537.36 (KHTML, like Gecko) Chrome/60.0.3112.101 Safari/537.36"
0:0:0:0:0:0:0:1 -  -  [22/Aug/2017:05:27:00 +0000] "GET /restServices/archivaServices/browseService/userRepositories?_=1503379609409 HTTP/1.1" 200 2 "http://localhost:8080/" "Mozilla/5.0 (Macintosh; Intel Mac OS X 10_12_6) AppleWebKit/537.36 (KHTML, like Gecko) Chrome/60.0.3112.101 Safari/537.36"
0:0:0:0:0:0:0:1 -  -  [22/Aug/2017:05:27:00 +0000] "GET /restServices/archivaServices/archivaAdministrationService/applicationUrl?_=1503379609410 HTTP/1.1" 204 0 "http://localhost:8080/" "Mozilla/5.0 (Macintosh; Intel Mac OS X 10_12_6) AppleWebKit/537.36 (KHTML, like Gecko) Chrome/60.0.3112.101 Safari/537.36"
0:0:0:0:0:0:0:1 -  -  [22/Aug/2017:05:27:00 +0000] "GET /restServices/archivaServices/browseService/rootGroups?_=1503379609411 HTTP/1.1" 200 26 "http://localhost:8080/" "Mozilla/5.0 (Macintosh; Intel Mac OS X 10_12_6) AppleWebKit/537.36 (KHTML, like Gecko) Chrome/60.0.3112.101 Safari/537.36"
0:0:0:0:0:0:0:1 -  -  [22/Aug/2017:05:27:00 +0000] "PUT /restServices/archivaUiServices/javascriptLogger/info HTTP/1.1" 200 4 "http://localhost:8080/" "Mozilla/5.0 (Macintosh; Intel Mac OS X 10_12_6) AppleWebKit/537.36 (KHTML, like Gecko) Chrome/60.0.3112.101 Safari/537.36"
0:0:0:0:0:0:0:1 -  -  [22/Aug/2017:05:27:04 +0000] "POST /restServices/redbackServices/loginService/logIn HTTP/1.1" 200 750 "http://localhost:8080/" "Mozilla/5.0 (Macintosh; Intel Mac OS X 10_12_6) AppleWebKit/537.36 (KHTML, like Gecko) Chrome/60.0.3112.101 Safari/537.36"
0:0:0:0:0:0:0:1 -  -  [22/Aug/2017:05:27:04 +0000] "GET /restServices/redbackServices/userService/getCurrentUserOperations?_=1503379609412 HTTP/1.1" 200 2533 "http://localhost:8080/" "Mozilla/5.0 (Macintosh; Intel Mac OS X 10_12_6) AppleWebKit/537.36 (KHTML, like Gecko) Chrome/60.0.3112.101 Safari/537.36"
0:0:0:0:0:0:0:1 -  -  [22/Aug/2017:05:27:04 +0000] "GET /restServices/archivaServices/browseService/userRepositories?_=1503379609413 HTTP/1.1" 200 932 "http://localhost:8080/" "Mozilla/5.0 (Macintosh; Intel Mac OS X 10_12_6) AppleWebKit/537.36 (KHTML, like Gecko) Chrome/60.0.3112.101 Safari/537.36"
0:0:0:0:0:0:0:1 -  -  [22/Aug/2017:05:27:04 +0000] "GET /restServices/archivaServices/archivaAdministrationService/applicationUrl?_=1503379609414 HTTP/1.1" 204 0 "http://localhost:8080/" "Mozilla/5.0 (Macintosh; Intel Mac OS X 10_12_6) AppleWebKit/537.36 (KHTML, like Gecko) Chrome/60.0.3112.101 Safari/537.36"
0:0:0:0:0:0:0:1 -  -  [22/Aug/2017:05:27:04 +0000] "PUT /restServices/archivaUiServices/javascriptLogger/info HTTP/1.1" 200 4 "http://localhost:8080/" "Mozilla/5.0 (Macintosh; Intel Mac OS X 10_12_6) AppleWebKit/537.36 (KHTML, like Gecko) Chrome/60.0.3112.101 Safari/537.36"
0:0:0:0:0:0:0:1 -  -  [22/Aug/2017:05:27:04 +0000] "GET /restServices/archivaServices/browseService/rootGroups?_=1503379609415 HTTP/1.1" 200 102 "http://localhost:8080/" "Mozilla/5.0 (Macintosh; Intel Mac OS X 10_12_6) AppleWebKit/537.36 (KHTML, like Gecko) Chrome/60.0.3112.101 Safari/537.36"
0:0:0:0:0:0:0:1 -  -  [22/Aug/2017:05:27:04 +0000] "GET /images/folder.png HTTP/1.1" 200 581 "http://localhost:8080/css/archiva.css" "Mozilla/5.0 (Macintosh; Intel Mac OS X 10_12_6) AppleWebKit/537.36 (KHTML, like Gecko) Chrome/60.0.3112.101 Safari/537.36"
0:0:0:0:0:0:0:1 -  -  [22/Aug/2017:05:27:04 +0000] "GET /images/trash.png HTTP/1.1" 200 655 "http://localhost:8080/" "Mozilla/5.0 (Macintosh; Intel Mac OS X 10_12_6) AppleWebKit/537.36 (KHTML, like Gecko) Chrome/60.0.3112.101 Safari/537.36"
0:0:0:0:0:0:0:1 -  -  [22/Aug/2017:05:27:06 +0000] "GET /restServices/archivaServices/browseService/userRepositories?_=1503379609416 HTTP/1.1" 200 932 "http://localhost:8080/" "Mozilla/5.0 (Macintosh; Intel Mac OS X 10_12_6) AppleWebKit/537.36 (KHTML, like Gecko) Chrome/60.0.3112.101 Safari/537.36"
0:0:0:0:0:0:0:1 -  -  [22/Aug/2017:05:27:06 +0000] "GET /restServices/archivaServices/archivaAdministrationService/applicationUrl?_=1503379609417 HTTP/1.1" 204 0 "http://localhost:8080/" "Mozilla/5.0 (Macintosh; Intel Mac OS X 10_12_6) AppleWebKit/537.36 (KHTML, like Gecko) Chrome/60.0.3112.101 Safari/537.36"
0:0:0:0:0:0:0:1 -  -  [22/Aug/2017:05:27:06 +0000] "PUT /restServices/archivaUiServices/javascriptLogger/info HTTP/1.1" 200 4 "http://localhost:8080/" "Mozilla/5.0 (Macintosh; Intel Mac OS X 10_12_6) AppleWebKit/537.36 (KHTML, like Gecko) Chrome/60.0.3112.101 Safari/537.36"
0:0:0:0:0:0:0:1 -  -  [22/Aug/2017:05:27:06 +0000] "GET /restServices/archivaServices/browseService/browseGroupId/io.almostrealism?_=1503379609418 HTTP/1.1" 200 130 "http://localhost:8080/" "Mozilla/5.0 (Macintosh; Intel Mac OS X 10_12_6) AppleWebKit/537.36 (KHTML, like Gecko) Chrome/60.0.3112.101 Safari/537.36"
0:0:0:0:0:0:0:1 -  -  [22/Aug/2017:05:27:06 +0000] "GET /images/folder-saved-search.png HTTP/1.1" 200 711 "http://localhost:8080/css/archiva.css" "Mozilla/5.0 (Macintosh; Intel Mac OS X 10_12_6) AppleWebKit/537.36 (KHTML, like Gecko) Chrome/60.0.3112.101 Safari/537.36"
0:0:0:0:0:0:0:1 -  -  [22/Aug/2017:05:27:06 +0000] "GET /images/atom.gif HTTP/1.1" 304 0 "http://localhost:8080/" "Mozilla/5.0 (Macintosh; Intel Mac OS X 10_12_6) AppleWebKit/537.36 (KHTML, like Gecko) Chrome/60.0.3112.101 Safari/537.36"
